INFO 2025-07-26 17:01:04,818 autoreload 5334 8366087936 Watching for file changes with StatReloader
INFO 2025-07-26 17:01:33,707 autoreload 5334 8366087936 /Users/dave/Documents/projects/ACRP/acrp/settings.py changed, reloading.
INFO 2025-07-26 17:01:34,120 autoreload 5348 8366087936 Watching for file changes with StatReloader
INFO 2025-07-26 17:01:37,680 autoreload 5348 8366087936 /Users/dave/Documents/projects/ACRP/acrp/settings.py changed, reloading.
INFO 2025-07-26 17:01:38,114 autoreload 5358 8366087936 Watching for file changes with StatReloader
INFO 2025-07-26 17:01:46,049 autoreload 5358 8366087936 /Users/dave/Documents/projects/ACRP/acrp/settings.py changed, reloading.
INFO 2025-07-26 17:01:46,456 autoreload 5372 8366087936 Watching for file changes with StatReloader
INFO 2025-07-26 17:02:01,023 autoreload 5372 8366087936 /Users/dave/Documents/projects/ACRP/acrp/settings.py changed, reloading.
INFO 2025-07-26 17:02:01,448 autoreload 5379 8366087936 Watching for file changes with StatReloader
INFO 2025-07-26 17:02:11,635 autoreload 5379 8366087936 /Users/dave/Documents/projects/ACRP/acrp/settings.py changed, reloading.
INFO 2025-07-26 17:02:12,061 autoreload 5393 8366087936 Watching for file changes with StatReloader
INFO 2025-07-26 17:02:24,525 basehttp 5393 6203174912 code 400, message Bad request version ('þk§5W\x9c³EA\x9fXc')
ERROR 2025-07-26 17:02:24,525 basehttp 5393 6203174912 You're accessing the development server over HTTPS, but it only supports HTTP.
INFO 2025-07-26 17:02:24,526 basehttp 5393 6203174912 code 400, message Bad request version ("\x1a¥'Ô\x00ç3\x83¿èS¨\x9ea\x0f\x86÷gjÞ,c{")
ERROR 2025-07-26 17:02:24,526 basehttp 5393 6203174912 You're accessing the development server over HTTPS, but it only supports HTTP.
INFO 2025-07-26 17:02:29,815 basehttp 5393 6203174912 code 400, message Bad request version ('k|òÌ$4')
ERROR 2025-07-26 17:02:29,816 basehttp 5393 6203174912 You're accessing the development server over HTTPS, but it only supports HTTP.
INFO 2025-07-26 17:02:29,816 basehttp 5393 6203174912 code 400, message Bad request version ('\x8ewÈ\x87"+#\x0e£ÃÎ\\\x95\x8a)\x0e\x99ì[\x003eÖ\x984\x17ûWûéBxisü:;pwT,É;X6?<Ó:\x82J´(Úm¡i\x96±³\x8c\x1böwoàªkó\x80fP\x9e¼\x8a\x94®Ð\x02çÚYµ\x97`×\x05È¨²§\x94Xkó\x17\x15\x8a³')
ERROR 2025-07-26 17:02:29,816 basehttp 5393 6203174912 You're accessing the development server over HTTPS, but it only supports HTTP.
INFO 2025-07-26 17:05:13,374 autoreload 5393 8366087936 /Users/dave/Documents/projects/ACRP/acrp/settings.py changed, reloading.
INFO 2025-07-26 17:05:13,799 autoreload 5479 8366087936 Watching for file changes with StatReloader
INFO 2025-07-26 17:05:36,041 autoreload 5479 8366087936 /Users/dave/Documents/projects/ACRP/acrp/settings.py changed, reloading.
INFO 2025-07-26 17:05:36,490 autoreload 5490 8366087936 Watching for file changes with StatReloader
INFO 2025-07-26 17:07:03,375 autoreload 6042 8366087936 Watching for file changes with StatReloader
INFO 2025-07-26 17:07:07,962 basehttp 6042 6215905280 code 400, message Bad request version ('éÐ\x8dÈ\x97÷\x98\x17-WI')
ERROR 2025-07-26 17:07:07,962 basehttp 6042 6215905280 You're accessing the development server over HTTPS, but it only supports HTTP.
INFO 2025-07-26 17:07:07,964 basehttp 6042 6215905280 code 400, message Bad request version ('W\x92Õñï\x1aÀ¤\x06ÉBÐ\x11N»\x8e\x02è\x00*ÚÚ\x13\x01\x13\x02\x13\x03À,À+Ì©À0À/Ì¨À')
ERROR 2025-07-26 17:07:07,965 basehttp 6042 6215905280 You're accessing the development server over HTTPS, but it only supports HTTP.
INFO 2025-07-26 17:07:07,966 basehttp 6042 6215905280 code 400, message Bad HTTP/0.9 request type ('\x16\x03\x01\x02\x00\x01\x00\x01ü\x03\x03Üou§É]\x91Q\x8d¯Ç%')
ERROR 2025-07-26 17:07:07,966 basehttp 6042 6215905280 You're accessing the development server over HTTPS, but it only supports HTTP.
INFO 2025-07-26 17:07:07,967 basehttp 6042 6215905280 code 400, message Bad request version ('üI\x84\x06×\x07Nv\x10g²«y')
ERROR 2025-07-26 17:07:07,967 basehttp 6042 6215905280 You're accessing the development server over HTTPS, but it only supports HTTP.
INFO 2025-07-26 17:07:13,968 basehttp 6042 6215905280 code 400, message Bad request syntax ('\x16\x03\x01\x02\x00\x01\x00\x01ü\x03\x03Ý')
ERROR 2025-07-26 17:07:13,969 basehttp 6042 6215905280 You're accessing the development server over HTTPS, but it only supports HTTP.
INFO 2025-07-26 17:07:13,970 basehttp 6042 6215905280 code 400, message Bad request version ('\x00*JJ\x13\x01\x13\x02\x13\x03À,À+Ì©À0À/Ì¨À')
ERROR 2025-07-26 17:07:13,970 basehttp 6042 6215905280 You're accessing the development server over HTTPS, but it only supports HTTP.
INFO 2025-07-26 17:07:13,971 basehttp 6042 6215905280 code 400, message Bad HTTP/0.9 request type ('\x16\x03\x01\x02\x00\x01\x00\x01ü\x03\x03Ñ1¯ì3É\x8c#wö\x91[ª¹\x9f\x925\x80Ð')
ERROR 2025-07-26 17:07:13,971 basehttp 6042 6215905280 You're accessing the development server over HTTPS, but it only supports HTTP.
INFO 2025-07-26 17:07:13,973 basehttp 6042 6215905280 code 400, message Bad request version ('PÎNå>"üó"~¯kv\x88ÍS\x98z\x00***\x13\x01\x13\x02\x13\x03À,À+Ì©À0À/Ì¨À')
ERROR 2025-07-26 17:07:13,973 basehttp 6042 6215905280 You're accessing the development server over HTTPS, but it only supports HTTP.
INFO 2025-07-26 17:07:28,905 autoreload 6042 8366087936 /Users/dave/Documents/projects/ACRP/acrp/settings.py changed, reloading.
INFO 2025-07-26 17:07:46,396 autoreload 6208 8366087936 Watching for file changes with StatReloader
INFO 2025-07-26 17:07:48,783 basehttp 6208 6162640896 code 400, message Bad request version ('µm^RöB9*dY\x03¡\x8e¢\x08¼g\x01yTGQøé+\x93\x7f\x0fò#ð\x00*\x1a\x1a\x13\x01\x13\x02\x13\x03À,À+Ì©À0À/Ì¨À')
ERROR 2025-07-26 17:07:48,783 basehttp 6208 6162640896 You're accessing the development server over HTTPS, but it only supports HTTP.
INFO 2025-07-26 17:07:48,785 basehttp 6208 6162640896 code 400, message Bad request version ('¡\x00*ÚÚ\x13\x01\x13\x02\x13\x03À,À+Ì©À0À/Ì¨À')
ERROR 2025-07-26 17:07:48,785 basehttp 6208 6162640896 You're accessing the development server over HTTPS, but it only supports HTTP.
INFO 2025-07-26 17:07:48,787 basehttp 6208 6162640896 code 400, message Bad request syntax ('\x16\x03\x01\x02\x00\x01\x00\x01ü\x03\x03+ð\x15½ÂºnÏÀ`¯Òtµx\xadM\x83')
ERROR 2025-07-26 17:07:48,787 basehttp 6208 6162640896 You're accessing the development server over HTTPS, but it only supports HTTP.
INFO 2025-07-26 17:07:48,788 basehttp 6208 6162640896 code 400, message Bad request syntax ('\x16\x03\x01\x02\x00\x01\x00\x01ü\x03\x03\x1aÐR')
ERROR 2025-07-26 17:07:48,788 basehttp 6208 6162640896 You're accessing the development server over HTTPS, but it only supports HTTP.
INFO 2025-07-26 17:07:48,817 basehttp 6208 6162640896 code 400, message Bad request version ('»1Hò\x00*')
ERROR 2025-07-26 17:07:48,817 basehttp 6208 6162640896 You're accessing the development server over HTTPS, but it only supports HTTP.
INFO 2025-07-26 17:07:48,819 basehttp 6208 6162640896 code 400, message Bad request version ('1ùW\x95a\x0eå\x1a\x8dõÙ_\x86ÕòLê\x9do¶S¬!ý\x9d\x0eJ?\x18¡\x96T\x00***\x13\x01\x13\x02\x13\x03À,À+Ì©À0À/Ì¨À')
ERROR 2025-07-26 17:07:48,820 basehttp 6208 6162640896 You're accessing the development server over HTTPS, but it only supports HTTP.
INFO 2025-07-26 17:07:48,821 basehttp 6208 6162640896 code 400, message Bad request version ('d§c\x00*ºº\x13\x01\x13\x02\x13\x03À,À+Ì©À0À/Ì¨À')
ERROR 2025-07-26 17:07:48,821 basehttp 6208 6162640896 You're accessing the development server over HTTPS, but it only supports HTTP.
INFO 2025-07-26 17:07:48,822 basehttp 6208 6162640896 code 400, message Bad request version ('\x17\x00*JJ\x13\x01\x13\x02\x13\x03À,À+Ì©À0À/Ì¨À')
ERROR 2025-07-26 17:07:48,822 basehttp 6208 6162640896 You're accessing the development server over HTTPS, but it only supports HTTP.
INFO 2025-07-26 17:07:49,899 basehttp 6208 6162640896 code 400, message Bad request version ('$å{ö0/\x9e&\x069hñ>Èa\x89o')
ERROR 2025-07-26 17:07:49,900 basehttp 6208 6162640896 You're accessing the development server over HTTPS, but it only supports HTTP.
INFO 2025-07-26 17:07:49,902 basehttp 6208 6162640896 code 400, message Bad request version ('glööá?rµsB\x00*\x8a\x8a\x13\x01\x13\x02\x13\x03À,À+Ì©À0À/Ì¨À')
ERROR 2025-07-26 17:07:49,902 basehttp 6208 6162640896 You're accessing the development server over HTTPS, but it only supports HTTP.
INFO 2025-07-26 17:07:49,904 basehttp 6208 6162640896 code 400, message Bad request version ('\xadLÆËd\x9bÈ½\x05*\x04\x9d¼\x12FW³0£ïéæãZ8z\x84rçæAD\x00*JJ\x13\x01\x13\x02\x13\x03À,À+Ì©À0À/Ì¨À')
ERROR 2025-07-26 17:07:49,904 basehttp 6208 6162640896 You're accessing the development server over HTTPS, but it only supports HTTP.
INFO 2025-07-26 17:07:49,907 basehttp 6208 6162640896 code 400, message Bad request version ('\x92^e\x00*zz\x13\x01\x13\x02\x13\x03À,À+Ì©À0À/Ì¨À')
ERROR 2025-07-26 17:07:49,907 basehttp 6208 6162640896 You're accessing the development server over HTTPS, but it only supports HTTP.
INFO 2025-07-26 17:07:49,929 basehttp 6208 6162640896 code 400, message Bad request version ('ÍnÛW\x9eN®½\x00*ºº\x13\x01\x13\x02\x13\x03À,À+Ì©À0À/Ì¨À')
ERROR 2025-07-26 17:07:49,929 basehttp 6208 6162640896 You're accessing the development server over HTTPS, but it only supports HTTP.
INFO 2025-07-26 17:07:49,930 basehttp 6208 6162640896 code 400, message Bad request version ('\x11C\x07\x895\x8dÃ,\x8b?e\x91B~\x10ÐÕwBÚfI/ý²î{Ù\x07ôd\x81\x00*')
ERROR 2025-07-26 17:07:49,931 basehttp 6208 6162640896 You're accessing the development server over HTTPS, but it only supports HTTP.
INFO 2025-07-26 17:07:49,932 basehttp 6208 6162640896 code 400, message Bad HTTP/0.9 request type ('\x16\x03\x01\x02\x00\x01\x00\x01ü\x03\x03\x965g\x98\x1a[ú|Û-³ß¿.\x7ft±#9t\x96Î´¥\x12`\x11û£qqß')
ERROR 2025-07-26 17:07:49,932 basehttp 6208 6162640896 You're accessing the development server over HTTPS, but it only supports HTTP.
INFO 2025-07-26 17:07:49,933 basehttp 6208 6162640896 code 400, message Bad request version ('¥\x9a7\x00*ªª\x13\x01\x13\x02\x13\x03À,À+Ì©À0À/Ì¨À')
ERROR 2025-07-26 17:07:49,933 basehttp 6208 6162640896 You're accessing the development server over HTTPS, but it only supports HTTP.
INFO 2025-07-26 17:07:53,718 basehttp 6208 6178893824 code 400, message Bad request version ('þ×ìCî(^ÎÚ-ø^\x19W\x01~ê¿ÝJ\x00*ªª\x13\x01\x13\x02\x13\x03À,À+Ì©À0À/Ì¨À')
ERROR 2025-07-26 17:07:53,718 basehttp 6208 6178893824 You're accessing the development server over HTTPS, but it only supports HTTP.
INFO 2025-07-26 17:07:53,719 basehttp 6208 6178893824 code 400, message Bad request version ('¹à#kM\x83káyºâmÐè\x1b\x8a&»=\x00*êê\x13\x01\x13\x02\x13\x03À,À+Ì©À0À/Ì¨À')
ERROR 2025-07-26 17:07:53,720 basehttp 6208 6178893824 You're accessing the development server over HTTPS, but it only supports HTTP.
INFO 2025-07-26 17:07:53,721 basehttp 6208 6178893824 code 400, message Bad request version ('Ô>\x7f\x9bËb?ìqÙP¢Àub½\x00***\x13\x01\x13\x02\x13\x03À,À+Ì©À0À/Ì¨À')
ERROR 2025-07-26 17:07:53,721 basehttp 6208 6178893824 You're accessing the development server over HTTPS, but it only supports HTTP.
INFO 2025-07-26 17:07:53,722 basehttp 6208 6178893824 code 400, message Bad request version ('µÈn_eOB\x06g/\x00***\x13\x01\x13\x02\x13\x03À,À+Ì©À0À/Ì¨À')
ERROR 2025-07-26 17:07:53,722 basehttp 6208 6178893824 You're accessing the development server over HTTPS, but it only supports HTTP.
INFO 2025-07-26 17:08:31,118 basehttp 6208 6178893824 code 400, message Bad request version ('¡[îÜøÅ\x00*\x9a\x9a\x13\x01\x13\x02\x13\x03À,À+Ì©À0À/Ì¨À')
ERROR 2025-07-26 17:08:31,118 basehttp 6208 6178893824 You're accessing the development server over HTTPS, but it only supports HTTP.
INFO 2025-07-26 17:08:31,119 basehttp 6208 6178893824 code 400, message Bad request version ('\x06#Êþ¶L¿}ÃHÿùÄt\x99\x90êÌ8\x00*\x9a\x9a\x13\x01\x13\x02\x13\x03À,À+Ì©À0À/Ì¨À')
ERROR 2025-07-26 17:08:31,119 basehttp 6208 6178893824 You're accessing the development server over HTTPS, but it only supports HTTP.
INFO 2025-07-26 17:08:31,120 basehttp 6208 6178893824 code 400, message Bad request version ('ÉÐC\x97$í¥\x80Ã\x0eÐTå?\x93\x00*êê\x13\x01\x13\x02\x13\x03À,À+Ì©À0À/Ì¨À')
ERROR 2025-07-26 17:08:31,120 basehttp 6208 6178893824 You're accessing the development server over HTTPS, but it only supports HTTP.
INFO 2025-07-26 17:08:31,121 basehttp 6208 6178893824 code 400, message Bad request version ('4«Ëd¢T2\x8eÍ¢©í\x00*\x8a\x8a\x13\x01\x13\x02\x13\x03À,À+Ì©À0À/Ì¨À')
ERROR 2025-07-26 17:08:31,121 basehttp 6208 6178893824 You're accessing the development server over HTTPS, but it only supports HTTP.
INFO 2025-07-26 17:09:04,427 autoreload 6208 8366087936 /Users/dave/Documents/projects/ACRP/acrp/settings.py changed, reloading.
INFO 2025-07-26 17:09:28,222 autoreload 6393 8366087936 Watching for file changes with StatReloader
INFO 2025-07-26 17:09:34,476 basehttp 6393 6146240512 code 400, message Bad request version ('£\x97(»¬&\x92ñ\x88J´·2F[\x7f\x87ýP}þ¢\x00*JJ\x13\x01\x13\x02\x13\x03À,À+Ì©À0À/Ì¨À')
ERROR 2025-07-26 17:09:34,476 basehttp 6393 6146240512 You're accessing the development server over HTTPS, but it only supports HTTP.
INFO 2025-07-26 17:09:34,478 basehttp 6393 6146240512 code 400, message Bad request version ('\x1b\x00*ÊÊ\x13\x01\x13\x02\x13\x03À,À+Ì©À0À/Ì¨À')
ERROR 2025-07-26 17:09:34,478 basehttp 6393 6146240512 You're accessing the development server over HTTPS, but it only supports HTTP.
INFO 2025-07-26 17:09:34,479 basehttp 6393 6146240512 code 400, message Bad request syntax ('\x16\x03\x01\x02\x00\x01\x00\x01ü\x03\x03þà¥³Îæýë£bu7§Ìþ\x14^îñ!´\x94z')
ERROR 2025-07-26 17:09:34,479 basehttp 6393 6146240512 You're accessing the development server over HTTPS, but it only supports HTTP.
INFO 2025-07-26 17:09:34,480 basehttp 6393 6146240512 code 400, message Bad request version ('½ý\x190\x87ïÙ\x8aÔ\x00*\x8a\x8a\x13\x01\x13\x02\x13\x03À,À+Ì©À0À/Ì¨À')
ERROR 2025-07-26 17:09:34,480 basehttp 6393 6146240512 You're accessing the development server over HTTPS, but it only supports HTTP.
INFO 2025-07-26 17:10:06,923 autoreload 6393 8366087936 /Users/dave/Documents/projects/ACRP/acrp/settings.py changed, reloading.
INFO 2025-07-26 17:10:07,394 autoreload 6437 8366087936 Watching for file changes with StatReloader
INFO 2025-07-26 17:10:14,200 autoreload 6437 8366087936 /Users/dave/Documents/projects/ACRP/acrp/settings.py changed, reloading.
INFO 2025-07-26 17:10:14,701 autoreload 6453 8366087936 Watching for file changes with StatReloader
INFO 2025-07-26 17:10:26,665 basehttp 6453 6146715648 code 400, message Bad request version ('lx\x1a>ó\x15\x83aD{òø½&UÎ;R¯$\x7fßË&ôè^âQ\x94*Î\x00*ÊÊ\x13\x01\x13\x02\x13\x03À,À+Ì©À0À/Ì¨À')
ERROR 2025-07-26 17:10:26,666 basehttp 6453 6146715648 You're accessing the development server over HTTPS, but it only supports HTTP.
INFO 2025-07-26 17:10:26,667 basehttp 6453 6146715648 code 400, message Bad request version ('Ð¸ÈÔûsw0\x16³\x00*ÚÚ\x13\x01\x13\x02\x13\x03À,À+Ì©À0À/Ì¨À')
ERROR 2025-07-26 17:10:26,668 basehttp 6453 6146715648 You're accessing the development server over HTTPS, but it only supports HTTP.
INFO 2025-07-26 17:10:26,669 basehttp 6453 6146715648 code 400, message Bad request version ('5¤§Ü\x82ø\x00*::\x13\x01\x13\x02\x13\x03À,À+Ì©À0À/Ì¨À')
ERROR 2025-07-26 17:10:26,669 basehttp 6453 6146715648 You're accessing the development server over HTTPS, but it only supports HTTP.
INFO 2025-07-26 17:10:26,670 basehttp 6453 6146715648 code 400, message Bad request syntax ('\x16\x03\x01\x02\x00\x01\x00\x01ü\x03\x031')
ERROR 2025-07-26 17:10:26,670 basehttp 6453 6146715648 You're accessing the development server over HTTPS, but it only supports HTTP.
INFO 2025-07-26 17:10:33,670 autoreload 6453 8366087936 /Users/dave/Documents/projects/ACRP/acrp/settings.py changed, reloading.
INFO 2025-07-26 17:10:34,154 autoreload 6469 8366087936 Watching for file changes with StatReloader
INFO 2025-07-26 17:10:35,515 autoreload 6469 8366087936 /Users/dave/Documents/projects/ACRP/acrp/settings.py changed, reloading.
INFO 2025-07-26 17:10:35,959 autoreload 6476 8366087936 Watching for file changes with StatReloader
INFO 2025-07-26 17:10:40,626 autoreload 6476 8366087936 /Users/dave/Documents/projects/ACRP/acrp/settings.py changed, reloading.
INFO 2025-07-26 17:10:41,087 autoreload 6484 8366087936 Watching for file changes with StatReloader
INFO 2025-07-26 17:10:46,966 basehttp 6484 6180630528 code 400, message Bad request version ('7Þ')
ERROR 2025-07-26 17:10:46,967 basehttp 6484 6180630528 You're accessing the development server over HTTPS, but it only supports HTTP.
INFO 2025-07-26 17:10:46,968 basehttp 6484 6180630528 code 400, message Bad request version ('Wòd\x83Ó»:\x00*êê\x13\x01\x13\x02\x13\x03À,À+Ì©À0À/Ì¨À')
ERROR 2025-07-26 17:10:46,968 basehttp 6484 6180630528 You're accessing the development server over HTTPS, but it only supports HTTP.
INFO 2025-07-26 17:10:46,969 basehttp 6484 6180630528 code 400, message Bad HTTP/0.9 request type ('\x16\x03\x01\x02\x00\x01\x00\x01ü\x03\x03KÈº¦\x81Þ)"_\x9ajÈ\x17\x1adiaô\x19\x91±!bï¨Áª\x9dP\x95\x8eó')
ERROR 2025-07-26 17:10:46,969 basehttp 6484 6180630528 You're accessing the development server over HTTPS, but it only supports HTTP.
INFO 2025-07-26 17:10:46,971 basehttp 6484 6180630528 code 400, message Bad request version ('`*a')
ERROR 2025-07-26 17:10:46,971 basehttp 6484 6180630528 You're accessing the development server over HTTPS, but it only supports HTTP.
INFO 2025-07-26 17:13:33,410 basehttp 6484 6163804160 code 400, message Bad request version ('¸c©\x81êÁYé\x00*ZZ\x13\x01\x13\x02\x13\x03À,À+Ì©À0À/Ì¨À')
ERROR 2025-07-26 17:13:33,410 basehttp 6484 6163804160 You're accessing the development server over HTTPS, but it only supports HTTP.
INFO 2025-07-26 17:13:33,413 basehttp 6484 6163804160 code 400, message Bad request version ('ñ£0P_\x1a"\x04\x11}5×\x92\x83^££ïJ½âp«dSÁ\x91?á*úù\x00*zz\x13\x01\x13\x02\x13\x03À,À+Ì©À0À/Ì¨À')
ERROR 2025-07-26 17:13:33,413 basehttp 6484 6163804160 You're accessing the development server over HTTPS, but it only supports HTTP.
INFO 2025-07-26 17:13:33,415 basehttp 6484 6163804160 code 400, message Bad request version ('U8\x18ô«uL·Ú\x14oB\x10í\x06´h\x87Õ\x9e××5z\x00*::\x13\x01\x13\x02\x13\x03À,À+Ì©À0À/Ì¨À')
ERROR 2025-07-26 17:13:33,415 basehttp 6484 6163804160 You're accessing the development server over HTTPS, but it only supports HTTP.
INFO 2025-07-26 17:13:33,417 basehttp 6484 6163804160 code 400, message Bad request version ('\x02T+Dö\x07cð\x13\x08ª\x0eVê<6Øµk\x00*ÊÊ\x13\x01\x13\x02\x13\x03À,À+Ì©À0À/Ì¨À')
ERROR 2025-07-26 17:13:33,418 basehttp 6484 6163804160 You're accessing the development server over HTTPS, but it only supports HTTP.
INFO 2025-07-26 17:13:33,439 basehttp 6484 6163804160 code 400, message Bad request syntax ('\x16\x03\x01\x02\x00\x01\x00\x01ü\x03\x030e{')
ERROR 2025-07-26 17:13:33,440 basehttp 6484 6163804160 You're accessing the development server over HTTPS, but it only supports HTTP.
INFO 2025-07-26 17:13:33,441 basehttp 6484 6163804160 code 400, message Bad request version ('\x02ûÐÃ´ùõ\x10Æè\x86âÌÚ3ä\x89ðû«\x8aNº\x00*zz\x13\x01\x13\x02\x13\x03À,À+Ì©À0À/Ì¨À')
ERROR 2025-07-26 17:13:33,441 basehttp 6484 6163804160 You're accessing the development server over HTTPS, but it only supports HTTP.
INFO 2025-07-26 17:13:33,443 basehttp 6484 6163804160 code 400, message Bad request version ('0\x88äZäb\x00*jj\x13\x01\x13\x02\x13\x03À,À+Ì©À0À/Ì¨À')
ERROR 2025-07-26 17:13:33,443 basehttp 6484 6163804160 You're accessing the development server over HTTPS, but it only supports HTTP.
INFO 2025-07-26 17:13:33,444 basehttp 6484 6163804160 code 400, message Bad request version ('ß4´ºÖý\x81B\x8b')
ERROR 2025-07-26 17:13:33,444 basehttp 6484 6163804160 You're accessing the development server over HTTPS, but it only supports HTTP.
INFO 2025-07-26 17:13:33,940 basehttp 6484 6163804160 code 400, message Bad request version ("¼\x9c\x94\x7fiÀå\x9f\x9cY\x10ò\x8cR\x80ÍÀJo'\x15\x07ÜÄ<\x15éy¦\x84\x976\x00*\x1a\x1a\x13\x01\x13\x02\x13\x03À,À+Ì©À0À/Ì¨À")
ERROR 2025-07-26 17:13:33,940 basehttp 6484 6163804160 You're accessing the development server over HTTPS, but it only supports HTTP.
INFO 2025-07-26 17:13:33,943 basehttp 6484 6163804160 code 400, message Bad request version ('ÃÈ:\x19ù\x8b¥\x00*ºº\x13\x01\x13\x02\x13\x03À,À+Ì©À0À/Ì¨À')
ERROR 2025-07-26 17:13:33,943 basehttp 6484 6163804160 You're accessing the development server over HTTPS, but it only supports HTTP.
INFO 2025-07-26 17:13:33,944 basehttp 6484 6163804160 code 400, message Bad request version ('\x89\x10\x9fé!\x8b\x8av\x05=ÔR;Áè\x08)¯e\x90F²ó·_\x00½r[{I\x86\x00*úú\x13\x01\x13\x02\x13\x03À,À+Ì©À0À/Ì¨À')
ERROR 2025-07-26 17:13:33,944 basehttp 6484 6163804160 You're accessing the development server over HTTPS, but it only supports HTTP.
INFO 2025-07-26 17:13:33,946 basehttp 6484 6163804160 code 400, message Bad request version (':\x88´C\x8d¤9æ\x8f\x82¬Îéþð\x17\x8f)£¡Õ&_\x03ºÕ\x00*')
ERROR 2025-07-26 17:13:33,946 basehttp 6484 6163804160 You're accessing the development server over HTTPS, but it only supports HTTP.
INFO 2025-07-26 17:13:33,967 basehttp 6484 6163804160 code 400, message Bad request version ('ïSk¾*\x91\x17µLYò"¬\x0fÓµ`x0"ñ\x00*::\x13\x01\x13\x02\x13\x03À,À+Ì©À0À/Ì¨À')
ERROR 2025-07-26 17:13:33,967 basehttp 6484 6163804160 You're accessing the development server over HTTPS, but it only supports HTTP.
INFO 2025-07-26 17:13:33,969 basehttp 6484 6163804160 code 400, message Bad request version ('+]á{)õU\x8e[4Ág\x9dò÷\x8f\x00*::\x13\x01\x13\x02\x13\x03À,À+Ì©À0À/Ì¨À')
ERROR 2025-07-26 17:13:33,969 basehttp 6484 6163804160 You're accessing the development server over HTTPS, but it only supports HTTP.
INFO 2025-07-26 17:13:33,970 basehttp 6484 6163804160 code 400, message Bad request version ('NÊG\x08\x9aÉAj\x8e%PnI2.â\x18.ëÑ¤åq\xad\x00*ÚÚ\x13\x01\x13\x02\x13\x03À,À+Ì©À0À/Ì¨À')
ERROR 2025-07-26 17:13:33,971 basehttp 6484 6163804160 You're accessing the development server over HTTPS, but it only supports HTTP.
INFO 2025-07-26 17:13:33,972 basehttp 6484 6163804160 code 400, message Bad request syntax ('\x16\x03\x01\x02\x00\x01\x00\x01ü\x03\x03]5\x11ü>n')
ERROR 2025-07-26 17:13:33,972 basehttp 6484 6163804160 You're accessing the development server over HTTPS, but it only supports HTTP.
INFO 2025-07-26 17:13:34,249 basehttp 6484 6163804160 code 400, message Bad request version (";¤»Ó\x18µ\x17ç\x97'\x86õ-\x9b!ÖÉNXl")
ERROR 2025-07-26 17:13:34,249 basehttp 6484 6163804160 You're accessing the development server over HTTPS, but it only supports HTTP.
INFO 2025-07-26 17:13:34,250 basehttp 6484 6163804160 code 400, message Bad request version ("o;È}'ýÛ\x11\x9fÞÆ$nÚ\x1b5ë§Ê·\x06È\x9b¸#Ö(åfê\x82\x00*ZZ\x13\x01\x13\x02\x13\x03À,À+Ì©À0À/Ì¨À")
ERROR 2025-07-26 17:13:34,251 basehttp 6484 6163804160 You're accessing the development server over HTTPS, but it only supports HTTP.
INFO 2025-07-26 17:13:34,252 basehttp 6484 6163804160 code 400, message Bad request version ('\x08AO\xad\x96\x8e\x91tØZb\x9b\xadàÃ¼\x82\x00*ÚÚ\x13\x01\x13\x02\x13\x03À,À+Ì©À0À/Ì¨À')
ERROR 2025-07-26 17:13:34,252 basehttp 6484 6163804160 You're accessing the development server over HTTPS, but it only supports HTTP.
INFO 2025-07-26 17:13:34,254 basehttp 6484 6163804160 code 400, message Bad request version ('2:dP°Å\x06©9ç\x0f\x00*::\x13\x01\x13\x02\x13\x03À,À+Ì©À0À/Ì¨À')
ERROR 2025-07-26 17:13:34,254 basehttp 6484 6163804160 You're accessing the development server over HTTPS, but it only supports HTTP.
INFO 2025-07-26 17:13:34,272 basehttp 6484 6163804160 code 400, message Bad HTTP/0.9 request type ('\x16\x03\x01\x02\x00\x01\x00\x01ü\x03\x03G\x84Wá\\')
ERROR 2025-07-26 17:13:34,272 basehttp 6484 6163804160 You're accessing the development server over HTTPS, but it only supports HTTP.
INFO 2025-07-26 17:13:34,274 basehttp 6484 6163804160 code 400, message Bad request version ('\x00*JJ\x13\x01\x13\x02\x13\x03À,À+Ì©À0À/Ì¨À')
ERROR 2025-07-26 17:13:34,274 basehttp 6484 6163804160 You're accessing the development server over HTTPS, but it only supports HTTP.
INFO 2025-07-26 17:13:34,275 basehttp 6484 6163804160 code 400, message Bad request version ('K\x8f>tç¡\x93\x81^JÂÓJcø\x87ÞQÉ\x00*ªª\x13\x01\x13\x02\x13\x03À,À+Ì©À0À/Ì¨À')
ERROR 2025-07-26 17:13:34,275 basehttp 6484 6163804160 You're accessing the development server over HTTPS, but it only supports HTTP.
INFO 2025-07-26 17:13:34,277 basehttp 6484 6163804160 code 400, message Bad request version ('ue2\x00*ZZ\x13\x01\x13\x02\x13\x03À,À+Ì©À0À/Ì¨À')
ERROR 2025-07-26 17:13:34,277 basehttp 6484 6163804160 You're accessing the development server over HTTPS, but it only supports HTTP.
INFO 2025-07-26 17:13:34,472 basehttp 6484 6163804160 code 400, message Bad request version ('Ò.Ú5¬çi¶Ò\x00*JJ\x13\x01\x13\x02\x13\x03À,À+Ì©À0À/Ì¨À')
ERROR 2025-07-26 17:13:34,472 basehttp 6484 6163804160 You're accessing the development server over HTTPS, but it only supports HTTP.
INFO 2025-07-26 17:13:34,473 basehttp 6484 6163804160 code 400, message Bad request version ('\x97\x88Éh\x00*ÚÚ\x13\x01\x13\x02\x13\x03À,À+Ì©À0À/Ì¨À')
ERROR 2025-07-26 17:13:34,473 basehttp 6484 6163804160 You're accessing the development server over HTTPS, but it only supports HTTP.
INFO 2025-07-26 17:13:34,474 basehttp 6484 6163804160 code 400, message Bad request version ('\x86;t\x00*zz\x13\x01\x13\x02\x13\x03À,À+Ì©À0À/Ì¨À')
ERROR 2025-07-26 17:13:34,474 basehttp 6484 6163804160 You're accessing the development server over HTTPS, but it only supports HTTP.
INFO 2025-07-26 17:13:34,475 basehttp 6484 6163804160 code 400, message Bad request version ('ñ\x1bº\x10\x89\x98aÃ\x14ò\x82-¢â\x15(\x00*')
ERROR 2025-07-26 17:13:34,475 basehttp 6484 6163804160 You're accessing the development server over HTTPS, but it only supports HTTP.
INFO 2025-07-26 17:13:34,493 basehttp 6484 6163804160 code 400, message Bad request version ('ïø\x96*1Nl\x0fq\x82\x13\x06\x00*JJ\x13\x01\x13\x02\x13\x03À,À+Ì©À0À/Ì¨À')
ERROR 2025-07-26 17:13:34,493 basehttp 6484 6163804160 You're accessing the development server over HTTPS, but it only supports HTTP.
INFO 2025-07-26 17:13:34,495 basehttp 6484 6163804160 code 400, message Bad HTTP/0.9 request type ("\x16\x03\x01\x02\x00\x01\x00\x01ü\x03\x03\x9eæ\x92Å¹ºMvD¢ë§\x97é£ºÖ9³°+|Þ\x10'M\x00\x9cUd\x86")
ERROR 2025-07-26 17:13:34,495 basehttp 6484 6163804160 You're accessing the development server over HTTPS, but it only supports HTTP.
INFO 2025-07-26 17:13:34,497 basehttp 6484 6163804160 code 400, message Bad request version ('Hú<')
ERROR 2025-07-26 17:13:34,497 basehttp 6484 6163804160 You're accessing the development server over HTTPS, but it only supports HTTP.
INFO 2025-07-26 17:13:34,498 basehttp 6484 6163804160 code 400, message Bad request version ('n\x00***\x13\x01\x13\x02\x13\x03À,À+Ì©À0À/Ì¨À')
ERROR 2025-07-26 17:13:34,498 basehttp 6484 6163804160 You're accessing the development server over HTTPS, but it only supports HTTP.
INFO 2025-07-26 17:13:56,710 autoreload 6484 8366087936 /Users/dave/Documents/projects/ACRP/acrp/settings.py changed, reloading.
INFO 2025-07-26 17:13:57,327 autoreload 6628 8366087936 Watching for file changes with StatReloader
INFO 2025-07-26 17:14:01,877 basehttp 6628 6169014272 code 400, message Bad HTTP/0.9 request type ("\x16\x03\x01\x02\x00\x01\x00\x01ü\x03\x03\x90FQél]?\x93°)>?Y3æDT\x0fCla@]@Xº2¼\x08z1'")
ERROR 2025-07-26 17:14:01,877 basehttp 6628 6169014272 You're accessing the development server over HTTPS, but it only supports HTTP.
INFO 2025-07-26 17:14:01,879 basehttp 6628 6169014272 code 400, message Bad request version ('\x82ç©ðã\x99Åå\x19Û®u|\x0e,FùÐ¦\x00*êê\x13\x01\x13\x02\x13\x03À,À+Ì©À0À/Ì¨À')
ERROR 2025-07-26 17:14:01,879 basehttp 6628 6169014272 You're accessing the development server over HTTPS, but it only supports HTTP.
INFO 2025-07-26 17:14:01,880 basehttp 6628 6169014272 code 400, message Bad request version ('1~x\x00*\x8a\x8a\x13\x01\x13\x02\x13\x03À,À+Ì©À0À/Ì¨À')
ERROR 2025-07-26 17:14:01,881 basehttp 6628 6169014272 You're accessing the development server over HTTPS, but it only supports HTTP.
INFO 2025-07-26 17:14:01,882 basehttp 6628 6169014272 code 400, message Bad request version ('i5&\x18\x86\x00*\x8a\x8a\x13\x01\x13\x02\x13\x03À,À+Ì©À0À/Ì¨À')
ERROR 2025-07-26 17:14:01,882 basehttp 6628 6169014272 You're accessing the development server over HTTPS, but it only supports HTTP.
INFO 2025-07-26 17:14:01,910 basehttp 6628 6169014272 code 400, message Bad request version ('\x06ÚË\x8aÿn]X\x00*zz\x13\x01\x13\x02\x13\x03À,À+Ì©À0À/Ì¨À')
ERROR 2025-07-26 17:14:01,911 basehttp 6628 6169014272 You're accessing the development server over HTTPS, but it only supports HTTP.
INFO 2025-07-26 17:14:01,912 basehttp 6628 6169014272 code 400, message Bad request version ("Ê\x90U'(ü\x9f\x94×jÒ\x80IË\x18\x00*::\x13\x01\x13\x02\x13\x03À,À+Ì©À0À/Ì¨À")
ERROR 2025-07-26 17:14:01,913 basehttp 6628 6169014272 You're accessing the development server over HTTPS, but it only supports HTTP.
INFO 2025-07-26 17:14:01,914 basehttp 6628 6169014272 code 400, message Bad request version ('©Yt\x00*ÊÊ\x13\x01\x13\x02\x13\x03À,À+Ì©À0À/Ì¨À')
ERROR 2025-07-26 17:14:01,914 basehttp 6628 6169014272 You're accessing the development server over HTTPS, but it only supports HTTP.
INFO 2025-07-26 17:14:01,915 basehttp 6628 6169014272 code 400, message Bad request version ('M¶SY¥V(|\x99ÿ7\x94ó±Îp`¤ÑÛÀès\x00*jj\x13\x01\x13\x02\x13\x03À,À+Ì©À0À/Ì¨À')
ERROR 2025-07-26 17:14:01,915 basehttp 6628 6169014272 You're accessing the development server over HTTPS, but it only supports HTTP.
INFO 2025-07-26 17:14:05,702 basehttp 6628 6185267200 code 400, message Bad HTTP/0.9 request type ('\x16\x03\x01\x02\x00\x01\x00\x01ü\x03\x035iÌ')
ERROR 2025-07-26 17:14:05,702 basehttp 6628 6185267200 You're accessing the development server over HTTPS, but it only supports HTTP.
INFO 2025-07-26 17:14:05,703 basehttp 6628 6185267200 code 400, message Bad request version ("'»søUÜõ¢\x1bÓ\x97´Û¢\x8c\x02\x05¥5¿\x84\x12Qé\x8fB\x00*ZZ\x13\x01\x13\x02\x13\x03À,À+Ì©À0À/Ì¨À")
ERROR 2025-07-26 17:14:05,704 basehttp 6628 6185267200 You're accessing the development server over HTTPS, but it only supports HTTP.
INFO 2025-07-26 17:14:05,705 basehttp 6628 6185267200 code 400, message Bad request version ('¤¹\x99\x820çOMï')
ERROR 2025-07-26 17:14:05,705 basehttp 6628 6185267200 You're accessing the development server over HTTPS, but it only supports HTTP.
INFO 2025-07-26 17:14:05,706 basehttp 6628 6185267200 code 400, message Bad request version ('ÕÅ\x19\x00*\x8a\x8a\x13\x01\x13\x02\x13\x03À,À+Ì©À0À/Ì¨À')
ERROR 2025-07-26 17:14:05,706 basehttp 6628 6185267200 You're accessing the development server over HTTPS, but it only supports HTTP.
INFO 2025-07-26 17:14:16,791 basehttp 6628 6185267200 "GET / HTTP/1.1" 302 0
INFO 2025-07-26 17:14:16,801 basehttp 6628 6185267200 "GET /auth/login/?next=/ HTTP/1.1" 200 7409
INFO 2025-07-26 17:14:16,835 basehttp 6628 6185267200 "GET /static/css/auth.bootstrap.css HTTP/1.1" 200 209593
INFO 2025-07-26 17:14:16,836 basehttp 6628 6202093568 "GET /static/main_media/logo.png HTTP/1.1" 200 45196
INFO 2025-07-26 17:14:17,994 basehttp 6628 6185267200 "GET /static/main_media/logo-white-footer.png HTTP/1.1" 200 7294
INFO 2025-07-26 17:14:33,929 basehttp 6628 6202093568 "POST /auth/login/ HTTP/1.1" 302 0
INFO 2025-07-26 17:14:33,937 basehttp 6628 6185267200 "GET / HTTP/1.1" 302 0
INFO 2025-07-26 17:14:33,945 basehttp 6628 6202093568 "GET /auth/login/?next=/ HTTP/1.1" 200 7409
INFO 2025-07-26 17:14:46,780 basehttp 6628 6185267200 "POST /auth/login/ HTTP/1.1" 302 0
INFO 2025-07-26 17:14:46,790 basehttp 6628 6202093568 "GET / HTTP/1.1" 302 0
INFO 2025-07-26 17:14:46,799 basehttp 6628 6185267200 "GET /auth/login/?next=/ HTTP/1.1" 200 7409
ERROR 2025-07-26 17:14:46,858 basehttp 6628 6168440832 "GET /apple-touch-icon-precomposed.png HTTP/1.1" 500 59
ERROR 2025-07-26 17:14:46,946 basehttp 6628 6168440832 "GET /apple-touch-icon.png HTTP/1.1" 500 59
INFO 2025-07-26 17:15:03,694 basehttp 6628 6202093568 "POST /auth/login/ HTTP/1.1" 302 0
INFO 2025-07-26 17:15:03,703 basehttp 6628 6185267200 "GET / HTTP/1.1" 302 0
INFO 2025-07-26 17:15:03,716 basehttp 6628 6202093568 "GET /auth/login/?next=/ HTTP/1.1" 200 7409
INFO 2025-07-26 17:15:42,232 basehttp 6628 6168440832 "POST /auth/login/ HTTP/1.1" 302 0
INFO 2025-07-26 17:15:42,243 basehttp 6628 6168440832 "GET / HTTP/1.1" 302 0
INFO 2025-07-26 17:15:42,252 basehttp 6628 6168440832 "GET /auth/login/?next=/ HTTP/1.1" 200 7409
ERROR 2025-07-26 17:16:11,638 basehttp 6628 6168440832 "GET /admin HTTP/1.1" 500 59
ERROR 2025-07-26 17:16:11,659 basehttp 6628 6168440832 "GET /favicon.ico HTTP/1.1" 500 59
INFO 2025-07-26 17:16:40,850 autoreload 6837 8366087936 Watching for file changes with StatReloader
WARNING 2025-07-26 17:16:46,375 log 6837 6160166912 Not Found: /admin
WARNING 2025-07-26 17:16:46,376 basehttp 6837 6160166912 "GET /admin HTTP/1.1" 404 4196
INFO 2025-07-26 17:16:53,037 basehttp 6837 6160166912 "GET / HTTP/1.1" 302 0
INFO 2025-07-26 17:16:53,045 basehttp 6837 6160166912 "GET /auth/login/?next=/ HTTP/1.1" 200 7409
INFO 2025-07-26 17:17:01,283 basehttp 6837 6160166912 "GET /auth/login/?next=/fdagefg HTTP/1.1" 200 7409
WARNING 2025-07-26 17:17:05,895 log 6837 6160166912 Not Found: /fsdhsf
WARNING 2025-07-26 17:17:05,895 basehttp 6837 6160166912 "GET /fsdhsf HTTP/1.1" 404 4196
WARNING 2025-07-26 17:17:06,020 log 6837 6160166912 Not Found: /static/favicon.ico
WARNING 2025-07-26 17:17:06,020 basehttp 6837 6160166912 "GET /static/favicon.ico HTTP/1.1" 404 4196
INFO 2025-07-26 17:17:08,545 basehttp 6837 6160166912 "GET /auth/login/?next=/fdagefg HTTP/1.1" 200 7409
INFO 2025-07-26 17:20:04,797 autoreload 7184 8366087936 Watching for file changes with StatReloader
INFO 2025-07-26 17:20:29,501 basehttp 7184 6195261440 "POST /auth/login/ HTTP/1.1" 302 0
INFO 2025-07-26 17:20:29,509 basehttp 7184 6195261440 "GET / HTTP/1.1" 302 0
INFO 2025-07-26 17:20:29,521 basehttp 7184 6195261440 "GET /auth/login/?next=/ HTTP/1.1" 200 7409
WARNING 2025-07-26 17:20:46,361 log 7184 6195261440 Not Found: /enrollments
WARNING 2025-07-26 17:20:46,362 basehttp 7184 6195261440 "GET /enrollments HTTP/1.1" 404 4196
INFO 2025-07-26 17:20:48,629 basehttp 7184 6195261440 "GET /cpd/ HTTP/1.1" 302 0
INFO 2025-07-26 17:20:48,642 basehttp 7184 6195261440 "GET /auth/login/?next=/cpd/ HTTP/1.1" 200 7409
INFO 2025-07-26 17:20:58,450 basehttp 7184 6195261440 "POST /auth/login/ HTTP/1.1" 302 0
INFO 2025-07-26 17:20:58,459 basehttp 7184 6195261440 "GET / HTTP/1.1" 302 0
INFO 2025-07-26 17:20:58,469 basehttp 7184 6195261440 "GET /auth/login/?next=/ HTTP/1.1" 200 7409
INFO 2025-07-26 17:21:13,172 autoreload 7184 8366087936 /Users/dave/Documents/projects/ACRP/acrp/settings.py changed, reloading.
INFO 2025-07-26 17:21:13,707 autoreload 7234 8366087936 Watching for file changes with StatReloader
INFO 2025-07-26 17:26:12,248 basehttp 7234 6164869120 "GET /auth/login/?next=/ HTTP/1.1" 200 7409
INFO 2025-07-26 17:26:13,014 basehttp 7234 6164869120 "GET /auth/login/?next=/ HTTP/1.1" 200 7409
INFO 2025-07-26 17:26:23,940 basehttp 7234 6198521856 code 400, message Bad request version ('\xadj+~º$W\x9fßÎ\x00*\x1a\x1a\x13\x01\x13\x02\x13\x03À,À+Ì©À0À/Ì¨À')
ERROR 2025-07-26 17:26:23,941 basehttp 7234 6198521856 You're accessing the development server over HTTPS, but it only supports HTTP.
INFO 2025-07-26 17:26:23,942 basehttp 7234 6198521856 code 400, message Bad request version ('§lÚ§\x9f\x8döÏÞ#-\x81\x00*ZZ\x13\x01\x13\x02\x13\x03À,À+Ì©À0À/Ì¨À')
ERROR 2025-07-26 17:26:23,943 basehttp 7234 6198521856 You're accessing the development server over HTTPS, but it only supports HTTP.
INFO 2025-07-26 17:26:23,944 basehttp 7234 6198521856 code 400, message Bad HTTP/0.9 request type ('\x16\x03\x01\x02\x00\x01\x00\x01ü\x03\x03\\Â')
ERROR 2025-07-26 17:26:23,944 basehttp 7234 6198521856 You're accessing the development server over HTTPS, but it only supports HTTP.
INFO 2025-07-26 17:26:23,945 basehttp 7234 6198521856 code 400, message Bad request version ('\x02aaÛ%\x14\x02\x8e\x00*::\x13\x01\x13\x02\x13\x03À,À+Ì©À0À/Ì¨À')
ERROR 2025-07-26 17:26:23,945 basehttp 7234 6198521856 You're accessing the development server over HTTPS, but it only supports HTTP.
INFO 2025-07-26 17:26:30,656 basehttp 7234 6198521856 code 400, message Bad HTTP/0.9 request type ('\x16\x03\x01\x02\x00\x01\x00\x01ü\x03\x03\x05``t\x9c\x81\x05ö*\x8cpû\x8d\x03¼{z\x8fàöÉ©çzcé\x82\x0e\x13X\x97\x8f')
ERROR 2025-07-26 17:26:30,656 basehttp 7234 6198521856 You're accessing the development server over HTTPS, but it only supports HTTP.
INFO 2025-07-26 17:26:30,657 basehttp 7234 6198521856 code 400, message Bad request version ('\x81\x8b\x8dX\x8d^\x00\x16\x00*JJ\x13\x01\x13\x02\x13\x03À,À+Ì©À0À/Ì¨À')
ERROR 2025-07-26 17:26:30,657 basehttp 7234 6198521856 You're accessing the development server over HTTPS, but it only supports HTTP.
INFO 2025-07-26 17:26:30,658 basehttp 7234 6198521856 code 400, message Bad request syntax ("\x16\x03\x01\x02\x00\x01\x00\x01ü\x03\x03Å\x8ev\x06'")
ERROR 2025-07-26 17:26:30,658 basehttp 7234 6198521856 You're accessing the development server over HTTPS, but it only supports HTTP.
INFO 2025-07-26 17:26:30,659 basehttp 7234 6198521856 code 400, message Bad request version ('\x88\x90TËÜþ\x8cv\x8a¶e\x9ag*Èù{\x17\x05¸\x08p\x9e·¯#ÈÍ¬¬\x96<\x00*ªª\x13\x01\x13\x02\x13\x03À,À+Ì©À0À/Ì¨À')
ERROR 2025-07-26 17:26:30,659 basehttp 7234 6198521856 You're accessing the development server over HTTPS, but it only supports HTTP.
INFO 2025-07-26 17:26:37,579 basehttp 7234 6198521856 code 400, message Bad request version ('Aû\x00*JJ\x13\x01\x13\x02\x13\x03À,À+Ì©À0À/Ì¨À')
ERROR 2025-07-26 17:26:37,579 basehttp 7234 6198521856 You're accessing the development server over HTTPS, but it only supports HTTP.
INFO 2025-07-26 17:26:37,581 basehttp 7234 6198521856 code 400, message Bad request version ('\x87BùÁ;\x16Î\x08g×\\4\x0fíUøÃ\x97~"\x00*::\x13\x01\x13\x02\x13\x03À,À+Ì©À0À/Ì¨À')
ERROR 2025-07-26 17:26:37,581 basehttp 7234 6198521856 You're accessing the development server over HTTPS, but it only supports HTTP.
INFO 2025-07-26 17:26:37,582 basehttp 7234 6198521856 code 400, message Bad request version ('\x00*\x8a\x8a\x13\x01\x13\x02\x13\x03À,À+Ì©À0À/Ì¨À')
ERROR 2025-07-26 17:26:37,582 basehttp 7234 6198521856 You're accessing the development server over HTTPS, but it only supports HTTP.
INFO 2025-07-26 17:26:37,584 basehttp 7234 6198521856 code 400, message Bad request version ('Ë4\x00*JJ\x13\x01\x13\x02\x13\x03À,À+Ì©À0À/Ì¨À')
ERROR 2025-07-26 17:26:37,584 basehttp 7234 6198521856 You're accessing the development server over HTTPS, but it only supports HTTP.
INFO 2025-07-26 17:26:44,127 basehttp 7234 6164869120 code 400, message Bad request version ('ïÂ[Ð<¶ó«8S´ýçõ\x00*jj\x13\x01\x13\x02\x13\x03À,À+Ì©À0À/Ì¨À')
ERROR 2025-07-26 17:26:44,127 basehttp 7234 6164869120 You're accessing the development server over HTTPS, but it only supports HTTP.
INFO 2025-07-26 17:26:44,129 basehttp 7234 6164869120 code 400, message Bad HTTP/0.9 request type ('\x16\x03\x01\x02\x00\x01\x00\x01ü\x03\x03ô?_I¬ëoöÓ\x1a¢\x14Ïq\x07`cbcR\x9b\x07\x01L\x88ÉHBrVC\x99')
ERROR 2025-07-26 17:26:44,129 basehttp 7234 6164869120 You're accessing the development server over HTTPS, but it only supports HTTP.
INFO 2025-07-26 17:26:44,130 basehttp 7234 6164869120 code 400, message Bad request version ('\x03»\x8f>3V\x12IzÜ\x861HÑ¬\x00*ÚÚ\x13\x01\x13\x02\x13\x03À,À+Ì©À0À/Ì¨À')
ERROR 2025-07-26 17:26:44,130 basehttp 7234 6164869120 You're accessing the development server over HTTPS, but it only supports HTTP.
INFO 2025-07-26 17:26:44,131 basehttp 7234 6164869120 code 400, message Bad request version ('\x07};T\x87f¯ÕßQ\x1b-0TG>[Wâºà+Î>ÿ+>\x02ÔúÆv\x00*jj\x13\x01\x13\x02\x13\x03À,À+Ì©À0À/Ì¨À')
ERROR 2025-07-26 17:26:44,131 basehttp 7234 6164869120 You're accessing the development server over HTTPS, but it only supports HTTP.
INFO 2025-07-26 17:27:25,660 basehttp 7234 6164869120 "GET / HTTP/1.1" 302 0
INFO 2025-07-26 17:27:25,666 basehttp 7234 6164869120 "GET /auth/login/?next=/ HTTP/1.1" 200 7409
INFO 2025-07-26 17:29:11,112 autoreload 7716 8366087936 Watching for file changes with StatReloader
INFO 2025-07-26 17:29:55,568 basehttp 7716 13170143232 code 400, message Bad request version ('Q\x07\x7fÆ¡ë¢¥\x08^â\x87\x04$\x00*JJ\x13\x01\x13\x02\x13\x03À,À+Ì©À0À/Ì¨À')
ERROR 2025-07-26 17:29:55,568 basehttp 7716 13170143232 You're accessing the development server over HTTPS, but it only supports HTTP.
INFO 2025-07-26 17:29:55,569 basehttp 7716 13170143232 code 400, message Bad request version ('ÂI\x87\x98ÝÎwÙ\x11õ\x82Þª¦U³ÔD×gË\x00*zz\x13\x01\x13\x02\x13\x03À,À+Ì©À0À/Ì¨À')
ERROR 2025-07-26 17:29:55,569 basehttp 7716 13170143232 You're accessing the development server over HTTPS, but it only supports HTTP.
INFO 2025-07-26 17:29:55,570 basehttp 7716 13170143232 code 400, message Bad request version ("k±®Óì\x14\x17Íöá'\x15ÙQíüþË\x00***\x13\x01\x13\x02\x13\x03À,À+Ì©À0À/Ì¨À")
ERROR 2025-07-26 17:29:55,570 basehttp 7716 13170143232 You're accessing the development server over HTTPS, but it only supports HTTP.
INFO 2025-07-26 17:29:55,571 basehttp 7716 13170143232 code 400, message Bad request syntax ('\x16\x03\x01\x02\x00\x01\x00\x01ü\x03\x035+\x15RÆ¦Êæ\x04½')
ERROR 2025-07-26 17:29:55,571 basehttp 7716 13170143232 You're accessing the development server over HTTPS, but it only supports HTTP.
INFO 2025-07-26 17:30:02,508 basehttp 7716 13170143232 code 400, message Bad request version ('/ÿz\x13,ò\x00*êê\x13\x01\x13\x02\x13\x03À,À+Ì©À0À/Ì¨À')
ERROR 2025-07-26 17:30:02,508 basehttp 7716 13170143232 You're accessing the development server over HTTPS, but it only supports HTTP.
INFO 2025-07-26 17:30:02,509 basehttp 7716 13170143232 code 400, message Bad request version ('\x98pÃcËøõ¢j´»t¤\x19EóÕÎ\x92$\x8c\x93"Î\x7f\x14©ÄBd·\x00\x00*úú\x13\x01\x13\x02\x13\x03À,À+Ì©À0À/Ì¨À')
ERROR 2025-07-26 17:30:02,509 basehttp 7716 13170143232 You're accessing the development server over HTTPS, but it only supports HTTP.
INFO 2025-07-26 17:30:02,510 basehttp 7716 13170143232 code 400, message Bad request version ('mû\x95îÜfCAq\x98\x96\x83l\x1aî\x91ô¦\x80\x8eÑ\x00*\x9a\x9a\x13\x01\x13\x02\x13\x03À,À+Ì©À0À/Ì¨À')
ERROR 2025-07-26 17:30:02,510 basehttp 7716 13170143232 You're accessing the development server over HTTPS, but it only supports HTTP.
INFO 2025-07-26 17:30:02,511 basehttp 7716 13170143232 code 400, message Bad request version ('!ëÖh)At)`\x8f\x04\x8ap')
ERROR 2025-07-26 17:30:02,511 basehttp 7716 13170143232 You're accessing the development server over HTTPS, but it only supports HTTP.
INFO 2025-07-26 17:31:31,989 autoreload 7897 8366087936 Watching for file changes with StatReloader
INFO 2025-07-26 17:31:38,802 basehttp 7897 6135574528 "GET / HTTP/1.1" 200 46196
INFO 2025-07-26 17:31:38,841 basehttp 7897 6135574528 "GET /static/main_media/logo-white.png HTTP/1.1" 200 36143
INFO 2025-07-26 17:31:39,070 basehttp 7897 6135574528 "GET /static/main_media/logo.png HTTP/1.1" 200 45196
INFO 2025-07-26 17:31:39,071 basehttp 7897 6152400896 "GET /static/main_media/logo-white-footer.png HTTP/1.1" 200 7294
WARNING 2025-07-26 17:31:57,765 log 7897 6135574528 Not Found: /agaeateb
WARNING 2025-07-26 17:31:57,766 basehttp 7897 6135574528 "GET /agaeateb HTTP/1.1" 404 4196
WARNING 2025-07-26 17:31:57,929 log 7897 6152400896 Not Found: /static/favicon.ico
WARNING 2025-07-26 17:31:57,930 basehttp 7897 6152400896 "GET /static/favicon.ico HTTP/1.1" 404 4196
INFO 2025-07-26 17:32:10,798 basehttp 7897 6152400896 "GET /enrollments/dashboard/ HTTP/1.1" 302 0
INFO 2025-07-26 17:32:11,836 basehttp 7897 6135574528 "GET / HTTP/1.1" 200 46196
INFO 2025-07-26 17:32:24,364 basehttp 7897 6135574528 "GET /enrollments/onboarding/ HTTP/1.1" 200 22970
WARNING 2025-07-26 17:32:24,696 log 7897 6152400896 Not Found: /favicon.ico
WARNING 2025-07-26 17:32:24,697 basehttp 7897 6152400896 "GET /favicon.ico HTTP/1.1" 404 4196
INFO 2025-07-26 17:32:29,687 basehttp 7897 6135574528 "POST /enrollments/onboarding/ HTTP/1.1" 200 23617
INFO 2025-07-26 17:32:32,670 basehttp 7897 6152400896 "POST /enrollments/onboarding/ HTTP/1.1" 200 23617
INFO 2025-07-26 17:32:39,926 basehttp 7897 6135574528 "POST /enrollments/onboarding/ HTTP/1.1" 200 23617
INFO 2025-07-26 17:32:43,605 basehttp 7897 6152400896 "POST /enrollments/onboarding/ HTTP/1.1" 200 23617
INFO 2025-07-26 17:33:21,604 basehttp 7897 6135001088 "POST /enrollments/onboarding/ HTTP/1.1" 200 23617
INFO 2025-07-26 17:33:24,974 basehttp 7897 6135001088 "POST /enrollments/onboarding/ HTTP/1.1" 200 23617
WARNING 2025-07-26 17:33:34,311 log 7897 6135001088 Not Found: /=
WARNING 2025-07-26 17:33:34,311 basehttp 7897 6135001088 "GET /= HTTP/1.1" 404 4196
INFO 2025-07-26 17:33:37,885 basehttp 7897 6135001088 "GET / HTTP/1.1" 200 46196
INFO 2025-07-26 17:33:41,861 basehttp 7897 6135001088 "GET /enrollments/dashboard/ HTTP/1.1" 302 0
INFO 2025-07-26 17:33:42,934 basehttp 7897 6135001088 "GET / HTTP/1.1" 200 46196
INFO 2025-07-26 17:33:54,351 basehttp 7897 6135001088 "GET /enrollments/dashboard/ HTTP/1.1" 302 0
INFO 2025-07-26 17:33:55,427 basehttp 7897 6135001088 "GET / HTTP/1.1" 200 46196
INFO 2025-07-26 17:34:09,816 basehttp 7897 6135001088 "GET /enrollments/dashboard/ HTTP/1.1" 302 0
INFO 2025-07-26 17:34:11,000 basehttp 7897 6135001088 "GET / HTTP/1.1" 200 46196
WARNING 2025-07-26 17:35:19,443 log 7897 6135001088 Not Found: /admin
WARNING 2025-07-26 17:35:19,444 basehttp 7897 6135001088 "GET /admin HTTP/1.1" 404 4196
WARNING 2025-07-26 17:35:34,677 log 7897 6135001088 Not Found: /acrpdevsadmin
WARNING 2025-07-26 17:35:34,678 basehttp 7897 6135001088 "GET /acrpdevsadmin HTTP/1.1" 404 4196
INFO 2025-07-26 17:35:53,040 basehttp 7897 6135001088 "GET /acrpdevadmin HTTP/1.1" 301 0
INFO 2025-07-26 17:35:55,705 basehttp 7897 6151827456 "GET /acrpdevadmin/ HTTP/1.1" 200 36548
INFO 2025-07-26 17:35:55,728 basehttp 7897 6151827456 "GET /static/admin/css/base.css HTTP/1.1" 200 22120
INFO 2025-07-26 17:35:55,730 basehttp 7897 6135001088 "GET /static/admin/css/dark_mode.css HTTP/1.1" 200 2808
INFO 2025-07-26 17:35:55,730 basehttp 7897 6168653824 "GET /static/admin/js/theme.js HTTP/1.1" 200 1653
INFO 2025-07-26 17:35:55,731 basehttp 7897 13052751872 "GET /static/admin/js/nav_sidebar.js HTTP/1.1" 200 3063
INFO 2025-07-26 17:35:55,731 basehttp 7897 13069578240 "GET /static/admin/css/dashboard.css HTTP/1.1" 200 441
INFO 2025-07-26 17:35:55,731 basehttp 7897 13035925504 "GET /static/admin/css/nav_sidebar.css HTTP/1.1" 200 2810
INFO 2025-07-26 17:35:55,732 basehttp 7897 6151827456 "GET /static/admin/css/responsive.css HTTP/1.1" 200 16565
INFO 2025-07-26 17:35:55,745 basehttp 7897 6168653824 "GET /static/admin/img/icon-changelink.svg HTTP/1.1" 200 380
INFO 2025-07-26 17:35:55,745 basehttp 7897 6135001088 "GET /static/admin/img/icon-addlink.svg HTTP/1.1" 200 331
INFO 2025-07-26 17:36:01,144 basehttp 7897 13069578240 "GET /acrpdevadmin/accounts/user/ HTTP/1.1" 200 33673
INFO 2025-07-26 17:36:01,154 basehttp 7897 13035925504 "GET /static/admin/css/changelists.css HTTP/1.1" 200 6878
INFO 2025-07-26 17:36:01,156 basehttp 7897 6168653824 "GET /static/admin/js/jquery.init.js HTTP/1.1" 200 347
INFO 2025-07-26 17:36:01,156 basehttp 7897 13052751872 "GET /static/admin/js/core.js HTTP/1.1" 200 6208
INFO 2025-07-26 17:36:01,158 basehttp 7897 13069578240 "GET /static/admin/js/admin/RelatedObjectLookups.js HTTP/1.1" 200 9777
INFO 2025-07-26 17:36:01,158 basehttp 7897 6135001088 "GET /static/admin/js/vendor/jquery/jquery.min.js HTTP/1.1" 200 87533
INFO 2025-07-26 17:36:01,161 basehttp 7897 13052751872 "GET /static/admin/js/prepopulate.js HTTP/1.1" 200 1531
INFO 2025-07-26 17:36:01,162 basehttp 7897 6168653824 "GET /static/admin/js/urlify.js HTTP/1.1" 200 7887
INFO 2025-07-26 17:36:01,162 basehttp 7897 13035925504 "GET /static/admin/js/actions.js HTTP/1.1" 200 8076
INFO 2025-07-26 17:36:01,163 basehttp 7897 6135001088 "GET /static/admin/js/filters.js HTTP/1.1" 200 978
INFO 2025-07-26 17:36:01,164 basehttp 7897 13069578240 "GET /static/admin/js/vendor/xregexp/xregexp.min.js HTTP/1.1" 200 163184
INFO 2025-07-26 17:36:01,166 basehttp 7897 13052751872 "GET /static/admin/img/search.svg HTTP/1.1" 200 458
INFO 2025-07-26 17:36:01,169 basehttp 7897 13035925504 "GET /static/admin/img/icon-yes.svg HTTP/1.1" 200 436
INFO 2025-07-26 17:36:01,779 basehttp 7897 6151827456 "GET /acrpdevadmin/jsi18n/ HTTP/1.1" 200 3342
INFO 2025-07-26 17:36:01,815 basehttp 7897 6168653824 "GET /static/admin/img/tooltag-add.svg HTTP/1.1" 200 331
INFO 2025-07-26 17:36:01,815 basehttp 7897 6135001088 "GET /static/admin/img/icon-viewlink.svg HTTP/1.1" 200 581
INFO 2025-07-26 17:37:24,021 basehttp 7897 13035925504 "POST /auth/logout/ HTTP/1.1" 302 0
INFO 2025-07-26 17:37:24,031 basehttp 7897 13035925504 "GET / HTTP/1.1" 302 0
INFO 2025-07-26 17:37:24,042 basehttp 7897 13035925504 "GET /auth/login/?next=/ HTTP/1.1" 200 7409
INFO 2025-07-26 17:37:24,053 basehttp 7897 13035925504 "GET /static/css/auth.bootstrap.css HTTP/1.1" 200 209593
INFO 2025-07-26 17:37:32,019 basehttp 7897 13035925504 "POST /auth/login/ HTTP/1.1" 302 0
INFO 2025-07-26 17:37:32,028 basehttp 7897 13035925504 "GET / HTTP/1.1" 302 0
INFO 2025-07-26 17:37:32,035 basehttp 7897 13035925504 "GET /auth/login/?next=/ HTTP/1.1" 200 7409
INFO 2025-07-26 17:37:37,183 basehttp 7897 13052751872 "GET /acrpdevadmin/accounts/user/1/change/ HTTP/1.1" 200 79608
INFO 2025-07-26 17:37:37,183 basehttp 7897 13052751872 - Broken pipe from ('127.0.0.1', 50359)
INFO 2025-07-26 17:38:26,217 basehttp 7897 6135001088 - Broken pipe from ('127.0.0.1', 50363)
INFO 2025-07-26 17:38:31,013 basehttp 7897 6168653824 "GET /acrpdevadmin/accounts/user/2/change/ HTTP/1.1" 200 79599
INFO 2025-07-26 17:38:31,025 basehttp 7897 6168653824 "GET /static/admin/css/forms.css HTTP/1.1" 200 8525
INFO 2025-07-26 17:38:31,028 basehttp 7897 6135001088 "GET /acrpdevadmin/jsi18n/ HTTP/1.1" 302 0
INFO 2025-07-26 17:38:31,028 basehttp 7897 13035925504 "GET /static/admin/js/calendar.js HTTP/1.1" 200 9141
INFO 2025-07-26 17:38:31,028 basehttp 7897 13069578240 "GET /static/admin/js/change_form.js HTTP/1.1" 200 606
INFO 2025-07-26 17:38:31,029 basehttp 7897 13086404608 "GET /static/admin/js/prepopulate_init.js HTTP/1.1" 200 586
INFO 2025-07-26 17:38:31,029 basehttp 7897 6168653824 "GET /static/admin/css/widgets.css HTTP/1.1" 200 11991
INFO 2025-07-26 17:38:31,029 basehttp 7897 13052751872 "GET /static/admin/js/admin/DateTimeShortcuts.js HTTP/1.1" 200 19319
INFO 2025-07-26 17:38:31,031 basehttp 7897 13069578240 "GET /static/admin/img/icon-deletelink.svg HTTP/1.1" 200 392
INFO 2025-07-26 17:38:31,036 basehttp 7897 13035925504 "GET /acrpdevadmin/login/?next=/acrpdevadmin/jsi18n/ HTTP/1.1" 200 4217
INFO 2025-07-26 17:38:31,071 basehttp 7897 6135001088 "GET /static/admin/img/tooltag-arrowright.svg HTTP/1.1" 200 280
INFO 2025-07-26 17:39:09,455 basehttp 7897 6151827456 - Broken pipe from ('127.0.0.1', 50365)
INFO 2025-07-26 17:40:59,041 basehttp 7897 6135001088 "POST /acrpdevadmin/accounts/user/2/change/ HTTP/1.1" 302 0
INFO 2025-07-26 17:40:59,047 basehttp 7897 6135001088 "GET /acrpdevadmin/login/?next=/acrpdevadmin/accounts/user/2/change/ HTTP/1.1" 200 4249
INFO 2025-07-26 17:40:59,055 basehttp 7897 6135001088 "GET /static/admin/css/login.css HTTP/1.1" 200 951
INFO 2025-07-26 17:41:18,669 basehttp 7897 6135001088 "POST /acrpdevadmin/login/?next=/acrpdevadmin/accounts/user/2/change/ HTTP/1.1" 302 0
INFO 2025-07-26 17:41:18,675 basehttp 7897 6135001088 "GET /acrpdevadmin/accounts/user/2/change/ HTTP/1.1" 302 0
INFO 2025-07-26 17:41:18,684 basehttp 7897 6135001088 "GET /acrpdevadmin/login/?next=/acrpdevadmin/accounts/user/2/change/ HTTP/1.1" 200 4249
INFO 2025-07-26 17:41:55,712 basehttp 7897 6135001088 "POST /acrpdevadmin/login/?next=/acrpdevadmin/accounts/user/2/change/ HTTP/1.1" 302 0
INFO 2025-07-26 17:41:55,721 basehttp 7897 6135001088 "GET /acrpdevadmin/accounts/user/2/change/ HTTP/1.1" 302 0
INFO 2025-07-26 17:41:55,732 basehttp 7897 6135001088 "GET /acrpdevadmin/login/?next=/acrpdevadmin/accounts/user/2/change/ HTTP/1.1" 200 4249
INFO 2025-07-26 17:49:46,370 basehttp 7897 6135001088 "GET /acrpdevadmin/ HTTP/1.1" 302 0
INFO 2025-07-26 17:49:46,397 basehttp 7897 6135001088 "GET /acrpdevadmin/login/?next=/acrpdevadmin/ HTTP/1.1" 200 4203
INFO 2025-07-26 17:49:58,808 basehttp 7897 6135001088 "POST /acrpdevadmin/login/?next=/acrpdevadmin/ HTTP/1.1" 302 0
INFO 2025-07-26 17:49:58,818 basehttp 7897 6135001088 "GET /acrpdevadmin/ HTTP/1.1" 302 0
INFO 2025-07-26 17:49:58,832 basehttp 7897 6135001088 "GET /acrpdevadmin/login/?next=/acrpdevadmin/ HTTP/1.1" 200 4203
INFO 2025-07-26 17:53:51,589 basehttp 7897 6135001088 "GET /auth/login/?next=/ HTTP/1.1" 200 7409
INFO 2025-07-26 17:54:00,618 basehttp 7897 6135001088 "POST /auth/login/ HTTP/1.1" 302 0
INFO 2025-07-26 17:54:00,629 basehttp 7897 6135001088 "GET / HTTP/1.1" 302 0
INFO 2025-07-26 17:54:00,638 basehttp 7897 6135001088 "GET /auth/login/?next=/ HTTP/1.1" 200 7409
INFO 2025-07-26 17:55:03,438 basehttp 7897 6135001088 "POST /auth/login/ HTTP/1.1" 302 0
INFO 2025-07-26 17:55:03,447 basehttp 7897 6135001088 "GET / HTTP/1.1" 302 0
INFO 2025-07-26 17:55:03,456 basehttp 7897 6135001088 "GET /auth/login/?next=/ HTTP/1.1" 200 7409
INFO 2025-07-26 18:05:31,547 autoreload 8932 8366087936 Watching for file changes with StatReloader
INFO 2025-07-26 18:05:52,770 basehttp 8932 6133395456 "GET / HTTP/1.1" 302 0
INFO 2025-07-26 18:05:52,779 basehttp 8932 6133395456 "GET /auth/login/?next=/ HTTP/1.1" 200 7409
INFO 2025-07-26 18:05:52,808 basehttp 8932 6150221824 "GET /static/main_media/logo.png HTTP/1.1" 200 45196
INFO 2025-07-26 18:05:52,809 basehttp 8932 6133395456 "GET /static/css/auth.bootstrap.css HTTP/1.1" 200 209593
INFO 2025-07-26 18:05:52,900 basehttp 8932 6150221824 "GET /static/main_media/logo-white-footer.png HTTP/1.1" 200 7294
INFO 2025-07-26 18:06:04,703 basehttp 8932 6133395456 "POST /auth/login/ HTTP/1.1" 302 0
INFO 2025-07-26 18:06:06,916 basehttp 8932 6150221824 "GET / HTTP/1.1" 200 46196
INFO 2025-07-26 18:06:06,938 basehttp 8932 6133395456 "GET /static/main_media/logo-white.png HTTP/1.1" 200 36143
INFO 2025-07-26 18:06:12,840 basehttp 8932 6133395456 "GET /enrollments/dashboard/ HTTP/1.1" 302 0
INFO 2025-07-26 18:06:13,887 basehttp 8932 6150221824 "GET / HTTP/1.1" 200 46196
INFO 2025-07-26 18:06:35,259 basehttp 8932 6133395456 "GET /enrollments/dashboard/ HTTP/1.1" 302 0
INFO 2025-07-26 18:06:36,418 basehttp 8932 6150221824 "GET / HTTP/1.1" 200 46196
WARNING 2025-07-26 18:06:40,913 log 8932 6150221824 Method Not Allowed (GET): /tasks/add/
WARNING 2025-07-26 18:06:40,913 basehttp 8932 6150221824 "GET /tasks/add/ HTTP/1.1" 405 0
WARNING 2025-07-26 18:06:40,967 log 8932 6133395456 Not Found: /favicon.ico
WARNING 2025-07-26 18:06:40,967 basehttp 8932 6133395456 "GET /favicon.ico HTTP/1.1" 404 4196
ERROR 2025-07-26 18:06:45,357 log 8932 6133395456 Internal Server Error: /announcements/create/
Traceback (most recent call last):
  File "/Users/dave/Documents/projects/ACRP/env/lib/python3.13/site-packages/django/core/handlers/exception.py", line 55, in inner
    response = get_response(request)
  File "/Users/dave/Documents/projects/ACRP/env/lib/python3.13/site-packages/django/core/handlers/base.py", line 197, in _get_response
    response = wrapped_callback(request, *callback_args, **callback_kwargs)
  File "/Users/dave/Documents/projects/ACRP/env/lib/python3.13/site-packages/django/contrib/auth/decorators.py", line 59, in _view_wrapper
    return view_func(request, *args, **kwargs)
  File "/Users/dave/Documents/projects/ACRP/env/lib/python3.13/site-packages/django/contrib/auth/decorators.py", line 59, in _view_wrapper
    return view_func(request, *args, **kwargs)
  File "/Users/dave/Documents/projects/ACRP/app/views.py", line 131, in create_announcement
    return render(request, 'app/announcement_form.html', {'form': form})
  File "/Users/dave/Documents/projects/ACRP/env/lib/python3.13/site-packages/django/shortcuts.py", line 25, in render
    content = loader.render_to_string(template_name, context, request, using=using)
  File "/Users/dave/Documents/projects/ACRP/env/lib/python3.13/site-packages/django/template/loader.py", line 62, in render_to_string
    return template.render(context, request)
           ~~~~~~~~~~~~~~~^^^^^^^^^^^^^^^^^^
  File "/Users/dave/Documents/projects/ACRP/env/lib/python3.13/site-packages/django/template/backends/django.py", line 107, in render
    return self.template.render(context)
           ~~~~~~~~~~~~~~~~~~~~^^^^^^^^^
  File "/Users/dave/Documents/projects/ACRP/env/lib/python3.13/site-packages/django/template/base.py", line 171, in render
    return self._render(context)
           ~~~~~~~~~~~~^^^^^^^^^
  File "/Users/dave/Documents/projects/ACRP/env/lib/python3.13/site-packages/django/template/base.py", line 163, in _render
    return self.nodelist.render(context)
           ~~~~~~~~~~~~~~~~~~~~^^^^^^^^^
  File "/Users/dave/Documents/projects/ACRP/env/lib/python3.13/site-packages/django/template/base.py", line 1016, in render
    return SafeString("".join([node.render_annotated(context) for node in self]))
                               ~~~~~~~~~~~~~~~~~~~~~^^^^^^^^^
  File "/Users/dave/Documents/projects/ACRP/env/lib/python3.13/site-packages/django/template/base.py", line 977, in render_annotated
    return self.render(context)
           ~~~~~~~~~~~^^^^^^^^^
  File "/Users/dave/Documents/projects/ACRP/env/lib/python3.13/site-packages/django/template/loader_tags.py", line 159, in render
    return compiled_parent._render(context)
           ~~~~~~~~~~~~~~~~~~~~~~~^^^^^^^^^
  File "/Users/dave/Documents/projects/ACRP/env/lib/python3.13/site-packages/django/template/base.py", line 163, in _render
    return self.nodelist.render(context)
           ~~~~~~~~~~~~~~~~~~~~^^^^^^^^^
  File "/Users/dave/Documents/projects/ACRP/env/lib/python3.13/site-packages/django/template/base.py", line 1016, in render
    return SafeString("".join([node.render_annotated(context) for node in self]))
                               ~~~~~~~~~~~~~~~~~~~~~^^^^^^^^^
  File "/Users/dave/Documents/projects/ACRP/env/lib/python3.13/site-packages/django/template/base.py", line 977, in render_annotated
    return self.render(context)
           ~~~~~~~~~~~^^^^^^^^^
  File "/Users/dave/Documents/projects/ACRP/env/lib/python3.13/site-packages/django/template/loader_tags.py", line 65, in render
    result = block.nodelist.render(context)
  File "/Users/dave/Documents/projects/ACRP/env/lib/python3.13/site-packages/django/template/base.py", line 1016, in render
    return SafeString("".join([node.render_annotated(context) for node in self]))
                               ~~~~~~~~~~~~~~~~~~~~~^^^^^^^^^
  File "/Users/dave/Documents/projects/ACRP/env/lib/python3.13/site-packages/django/template/base.py", line 977, in render_annotated
    return self.render(context)
           ~~~~~~~~~~~^^^^^^^^^
  File "/Users/dave/Documents/projects/ACRP/env/lib/python3.13/site-packages/django/template/defaulttags.py", line 480, in render
    url = reverse(view_name, args=args, kwargs=kwargs, current_app=current_app)
  File "/Users/dave/Documents/projects/ACRP/env/lib/python3.13/site-packages/django/urls/base.py", line 98, in reverse
    resolved_url = resolver._reverse_with_prefix(view, prefix, *args, **kwargs)
  File "/Users/dave/Documents/projects/ACRP/env/lib/python3.13/site-packages/django/urls/resolvers.py", line 831, in _reverse_with_prefix
    raise NoReverseMatch(msg)
django.urls.exceptions.NoReverseMatch: Reverse for 'announcement_list' not found. 'announcement_list' is not a valid view function or pattern name.
ERROR 2025-07-26 18:06:45,363 basehttp 8932 6133395456 "GET /announcements/create/ HTTP/1.1" 500 5640
WARNING 2025-07-26 18:06:45,449 log 8932 6150221824 Not Found: /static/favicon.ico
WARNING 2025-07-26 18:06:45,449 basehttp 8932 6150221824 "GET /static/favicon.ico HTTP/1.1" 404 4196
ERROR 2025-07-26 18:06:51,710 log 8932 6133395456 Internal Server Error: /announcements/create/
Traceback (most recent call last):
  File "/Users/dave/Documents/projects/ACRP/env/lib/python3.13/site-packages/django/core/handlers/exception.py", line 55, in inner
    response = get_response(request)
  File "/Users/dave/Documents/projects/ACRP/env/lib/python3.13/site-packages/django/core/handlers/base.py", line 197, in _get_response
    response = wrapped_callback(request, *callback_args, **callback_kwargs)
  File "/Users/dave/Documents/projects/ACRP/env/lib/python3.13/site-packages/django/contrib/auth/decorators.py", line 59, in _view_wrapper
    return view_func(request, *args, **kwargs)
  File "/Users/dave/Documents/projects/ACRP/env/lib/python3.13/site-packages/django/contrib/auth/decorators.py", line 59, in _view_wrapper
    return view_func(request, *args, **kwargs)
  File "/Users/dave/Documents/projects/ACRP/app/views.py", line 131, in create_announcement
    return render(request, 'app/announcement_form.html', {'form': form})
  File "/Users/dave/Documents/projects/ACRP/env/lib/python3.13/site-packages/django/shortcuts.py", line 25, in render
    content = loader.render_to_string(template_name, context, request, using=using)
  File "/Users/dave/Documents/projects/ACRP/env/lib/python3.13/site-packages/django/template/loader.py", line 62, in render_to_string
    return template.render(context, request)
           ~~~~~~~~~~~~~~~^^^^^^^^^^^^^^^^^^
  File "/Users/dave/Documents/projects/ACRP/env/lib/python3.13/site-packages/django/template/backends/django.py", line 107, in render
    return self.template.render(context)
           ~~~~~~~~~~~~~~~~~~~~^^^^^^^^^
  File "/Users/dave/Documents/projects/ACRP/env/lib/python3.13/site-packages/django/template/base.py", line 171, in render
    return self._render(context)
           ~~~~~~~~~~~~^^^^^^^^^
  File "/Users/dave/Documents/projects/ACRP/env/lib/python3.13/site-packages/django/template/base.py", line 163, in _render
    return self.nodelist.render(context)
           ~~~~~~~~~~~~~~~~~~~~^^^^^^^^^
  File "/Users/dave/Documents/projects/ACRP/env/lib/python3.13/site-packages/django/template/base.py", line 1016, in render
    return SafeString("".join([node.render_annotated(context) for node in self]))
                               ~~~~~~~~~~~~~~~~~~~~~^^^^^^^^^
  File "/Users/dave/Documents/projects/ACRP/env/lib/python3.13/site-packages/django/template/base.py", line 977, in render_annotated
    return self.render(context)
           ~~~~~~~~~~~^^^^^^^^^
  File "/Users/dave/Documents/projects/ACRP/env/lib/python3.13/site-packages/django/template/loader_tags.py", line 159, in render
    return compiled_parent._render(context)
           ~~~~~~~~~~~~~~~~~~~~~~~^^^^^^^^^
  File "/Users/dave/Documents/projects/ACRP/env/lib/python3.13/site-packages/django/template/base.py", line 163, in _render
    return self.nodelist.render(context)
           ~~~~~~~~~~~~~~~~~~~~^^^^^^^^^
  File "/Users/dave/Documents/projects/ACRP/env/lib/python3.13/site-packages/django/template/base.py", line 1016, in render
    return SafeString("".join([node.render_annotated(context) for node in self]))
                               ~~~~~~~~~~~~~~~~~~~~~^^^^^^^^^
  File "/Users/dave/Documents/projects/ACRP/env/lib/python3.13/site-packages/django/template/base.py", line 977, in render_annotated
    return self.render(context)
           ~~~~~~~~~~~^^^^^^^^^
  File "/Users/dave/Documents/projects/ACRP/env/lib/python3.13/site-packages/django/template/loader_tags.py", line 65, in render
    result = block.nodelist.render(context)
  File "/Users/dave/Documents/projects/ACRP/env/lib/python3.13/site-packages/django/template/base.py", line 1016, in render
    return SafeString("".join([node.render_annotated(context) for node in self]))
                               ~~~~~~~~~~~~~~~~~~~~~^^^^^^^^^
  File "/Users/dave/Documents/projects/ACRP/env/lib/python3.13/site-packages/django/template/base.py", line 977, in render_annotated
    return self.render(context)
           ~~~~~~~~~~~^^^^^^^^^
  File "/Users/dave/Documents/projects/ACRP/env/lib/python3.13/site-packages/django/template/defaulttags.py", line 480, in render
    url = reverse(view_name, args=args, kwargs=kwargs, current_app=current_app)
  File "/Users/dave/Documents/projects/ACRP/env/lib/python3.13/site-packages/django/urls/base.py", line 98, in reverse
    resolved_url = resolver._reverse_with_prefix(view, prefix, *args, **kwargs)
  File "/Users/dave/Documents/projects/ACRP/env/lib/python3.13/site-packages/django/urls/resolvers.py", line 831, in _reverse_with_prefix
    raise NoReverseMatch(msg)
django.urls.exceptions.NoReverseMatch: Reverse for 'announcement_list' not found. 'announcement_list' is not a valid view function or pattern name.
ERROR 2025-07-26 18:06:51,713 basehttp 8932 6133395456 "GET /announcements/create/ HTTP/1.1" 500 5640
ERROR 2025-07-26 18:06:57,012 log 8932 6133395456 Internal Server Error: /announcements/create/
Traceback (most recent call last):
  File "/Users/dave/Documents/projects/ACRP/env/lib/python3.13/site-packages/django/core/handlers/exception.py", line 55, in inner
    response = get_response(request)
  File "/Users/dave/Documents/projects/ACRP/env/lib/python3.13/site-packages/django/core/handlers/base.py", line 197, in _get_response
    response = wrapped_callback(request, *callback_args, **callback_kwargs)
  File "/Users/dave/Documents/projects/ACRP/env/lib/python3.13/site-packages/django/contrib/auth/decorators.py", line 59, in _view_wrapper
    return view_func(request, *args, **kwargs)
  File "/Users/dave/Documents/projects/ACRP/env/lib/python3.13/site-packages/django/contrib/auth/decorators.py", line 59, in _view_wrapper
    return view_func(request, *args, **kwargs)
  File "/Users/dave/Documents/projects/ACRP/app/views.py", line 131, in create_announcement
    return render(request, 'app/announcement_form.html', {'form': form})
  File "/Users/dave/Documents/projects/ACRP/env/lib/python3.13/site-packages/django/shortcuts.py", line 25, in render
    content = loader.render_to_string(template_name, context, request, using=using)
  File "/Users/dave/Documents/projects/ACRP/env/lib/python3.13/site-packages/django/template/loader.py", line 62, in render_to_string
    return template.render(context, request)
           ~~~~~~~~~~~~~~~^^^^^^^^^^^^^^^^^^
  File "/Users/dave/Documents/projects/ACRP/env/lib/python3.13/site-packages/django/template/backends/django.py", line 107, in render
    return self.template.render(context)
           ~~~~~~~~~~~~~~~~~~~~^^^^^^^^^
  File "/Users/dave/Documents/projects/ACRP/env/lib/python3.13/site-packages/django/template/base.py", line 171, in render
    return self._render(context)
           ~~~~~~~~~~~~^^^^^^^^^
  File "/Users/dave/Documents/projects/ACRP/env/lib/python3.13/site-packages/django/template/base.py", line 163, in _render
    return self.nodelist.render(context)
           ~~~~~~~~~~~~~~~~~~~~^^^^^^^^^
  File "/Users/dave/Documents/projects/ACRP/env/lib/python3.13/site-packages/django/template/base.py", line 1016, in render
    return SafeString("".join([node.render_annotated(context) for node in self]))
                               ~~~~~~~~~~~~~~~~~~~~~^^^^^^^^^
  File "/Users/dave/Documents/projects/ACRP/env/lib/python3.13/site-packages/django/template/base.py", line 977, in render_annotated
    return self.render(context)
           ~~~~~~~~~~~^^^^^^^^^
  File "/Users/dave/Documents/projects/ACRP/env/lib/python3.13/site-packages/django/template/loader_tags.py", line 159, in render
    return compiled_parent._render(context)
           ~~~~~~~~~~~~~~~~~~~~~~~^^^^^^^^^
  File "/Users/dave/Documents/projects/ACRP/env/lib/python3.13/site-packages/django/template/base.py", line 163, in _render
    return self.nodelist.render(context)
           ~~~~~~~~~~~~~~~~~~~~^^^^^^^^^
  File "/Users/dave/Documents/projects/ACRP/env/lib/python3.13/site-packages/django/template/base.py", line 1016, in render
    return SafeString("".join([node.render_annotated(context) for node in self]))
                               ~~~~~~~~~~~~~~~~~~~~~^^^^^^^^^
  File "/Users/dave/Documents/projects/ACRP/env/lib/python3.13/site-packages/django/template/base.py", line 977, in render_annotated
    return self.render(context)
           ~~~~~~~~~~~^^^^^^^^^
  File "/Users/dave/Documents/projects/ACRP/env/lib/python3.13/site-packages/django/template/loader_tags.py", line 65, in render
    result = block.nodelist.render(context)
  File "/Users/dave/Documents/projects/ACRP/env/lib/python3.13/site-packages/django/template/base.py", line 1016, in render
    return SafeString("".join([node.render_annotated(context) for node in self]))
                               ~~~~~~~~~~~~~~~~~~~~~^^^^^^^^^
  File "/Users/dave/Documents/projects/ACRP/env/lib/python3.13/site-packages/django/template/base.py", line 977, in render_annotated
    return self.render(context)
           ~~~~~~~~~~~^^^^^^^^^
  File "/Users/dave/Documents/projects/ACRP/env/lib/python3.13/site-packages/django/template/defaulttags.py", line 480, in render
    url = reverse(view_name, args=args, kwargs=kwargs, current_app=current_app)
  File "/Users/dave/Documents/projects/ACRP/env/lib/python3.13/site-packages/django/urls/base.py", line 98, in reverse
    resolved_url = resolver._reverse_with_prefix(view, prefix, *args, **kwargs)
  File "/Users/dave/Documents/projects/ACRP/env/lib/python3.13/site-packages/django/urls/resolvers.py", line 831, in _reverse_with_prefix
    raise NoReverseMatch(msg)
django.urls.exceptions.NoReverseMatch: Reverse for 'announcement_list' not found. 'announcement_list' is not a valid view function or pattern name.
ERROR 2025-07-26 18:06:57,015 basehttp 8932 6133395456 "GET /announcements/create/ HTTP/1.1" 500 5640
ERROR 2025-07-26 18:07:04,717 log 8932 6133395456 Internal Server Error: /events/create/
Traceback (most recent call last):
  File "/Users/dave/Documents/projects/ACRP/env/lib/python3.13/site-packages/django/core/handlers/exception.py", line 55, in inner
    response = get_response(request)
  File "/Users/dave/Documents/projects/ACRP/env/lib/python3.13/site-packages/django/core/handlers/base.py", line 197, in _get_response
    response = wrapped_callback(request, *callback_args, **callback_kwargs)
  File "/Users/dave/Documents/projects/ACRP/env/lib/python3.13/site-packages/django/contrib/auth/decorators.py", line 59, in _view_wrapper
    return view_func(request, *args, **kwargs)
  File "/Users/dave/Documents/projects/ACRP/env/lib/python3.13/site-packages/django/contrib/auth/decorators.py", line 59, in _view_wrapper
    return view_func(request, *args, **kwargs)
  File "/Users/dave/Documents/projects/ACRP/app/views.py", line 76, in create_event
    return render(request, 'app/event_form.html', {'form': form})
  File "/Users/dave/Documents/projects/ACRP/env/lib/python3.13/site-packages/django/shortcuts.py", line 25, in render
    content = loader.render_to_string(template_name, context, request, using=using)
  File "/Users/dave/Documents/projects/ACRP/env/lib/python3.13/site-packages/django/template/loader.py", line 62, in render_to_string
    return template.render(context, request)
           ~~~~~~~~~~~~~~~^^^^^^^^^^^^^^^^^^
  File "/Users/dave/Documents/projects/ACRP/env/lib/python3.13/site-packages/django/template/backends/django.py", line 107, in render
    return self.template.render(context)
           ~~~~~~~~~~~~~~~~~~~~^^^^^^^^^
  File "/Users/dave/Documents/projects/ACRP/env/lib/python3.13/site-packages/django/template/base.py", line 171, in render
    return self._render(context)
           ~~~~~~~~~~~~^^^^^^^^^
  File "/Users/dave/Documents/projects/ACRP/env/lib/python3.13/site-packages/django/template/base.py", line 163, in _render
    return self.nodelist.render(context)
           ~~~~~~~~~~~~~~~~~~~~^^^^^^^^^
  File "/Users/dave/Documents/projects/ACRP/env/lib/python3.13/site-packages/django/template/base.py", line 1016, in render
    return SafeString("".join([node.render_annotated(context) for node in self]))
                               ~~~~~~~~~~~~~~~~~~~~~^^^^^^^^^
  File "/Users/dave/Documents/projects/ACRP/env/lib/python3.13/site-packages/django/template/base.py", line 977, in render_annotated
    return self.render(context)
           ~~~~~~~~~~~^^^^^^^^^
  File "/Users/dave/Documents/projects/ACRP/env/lib/python3.13/site-packages/django/template/loader_tags.py", line 159, in render
    return compiled_parent._render(context)
           ~~~~~~~~~~~~~~~~~~~~~~~^^^^^^^^^
  File "/Users/dave/Documents/projects/ACRP/env/lib/python3.13/site-packages/django/template/base.py", line 163, in _render
    return self.nodelist.render(context)
           ~~~~~~~~~~~~~~~~~~~~^^^^^^^^^
  File "/Users/dave/Documents/projects/ACRP/env/lib/python3.13/site-packages/django/template/base.py", line 1016, in render
    return SafeString("".join([node.render_annotated(context) for node in self]))
                               ~~~~~~~~~~~~~~~~~~~~~^^^^^^^^^
  File "/Users/dave/Documents/projects/ACRP/env/lib/python3.13/site-packages/django/template/base.py", line 977, in render_annotated
    return self.render(context)
           ~~~~~~~~~~~^^^^^^^^^
  File "/Users/dave/Documents/projects/ACRP/env/lib/python3.13/site-packages/django/template/loader_tags.py", line 65, in render
    result = block.nodelist.render(context)
  File "/Users/dave/Documents/projects/ACRP/env/lib/python3.13/site-packages/django/template/base.py", line 1016, in render
    return SafeString("".join([node.render_annotated(context) for node in self]))
                               ~~~~~~~~~~~~~~~~~~~~~^^^^^^^^^
  File "/Users/dave/Documents/projects/ACRP/env/lib/python3.13/site-packages/django/template/base.py", line 977, in render_annotated
    return self.render(context)
           ~~~~~~~~~~~^^^^^^^^^
  File "/Users/dave/Documents/projects/ACRP/env/lib/python3.13/site-packages/django/template/defaulttags.py", line 480, in render
    url = reverse(view_name, args=args, kwargs=kwargs, current_app=current_app)
  File "/Users/dave/Documents/projects/ACRP/env/lib/python3.13/site-packages/django/urls/base.py", line 98, in reverse
    resolved_url = resolver._reverse_with_prefix(view, prefix, *args, **kwargs)
  File "/Users/dave/Documents/projects/ACRP/env/lib/python3.13/site-packages/django/urls/resolvers.py", line 831, in _reverse_with_prefix
    raise NoReverseMatch(msg)
django.urls.exceptions.NoReverseMatch: Reverse for 'event_list' not found. 'event_list' is not a valid view function or pattern name.
ERROR 2025-07-26 18:07:04,721 basehttp 8932 6133395456 "GET /events/create/ HTTP/1.1" 500 5640
INFO 2025-07-26 18:07:10,940 basehttp 8932 6133395456 "GET /cpd/ HTTP/1.1" 200 38184
INFO 2025-07-26 18:07:36,507 basehttp 8932 6133395456 "GET /cpd/admin/approvals/ HTTP/1.1" 200 38719
INFO 2025-07-26 18:07:45,474 basehttp 8932 6150221824 "GET /cpd/admin/approvals/?status=UNDER_REVIEW&priority=URGENT&category=all HTTP/1.1" 200 38744
INFO 2025-07-26 18:07:49,063 basehttp 8932 6150221824 "GET /cpd/admin/approvals/ HTTP/1.1" 200 38719
INFO 2025-07-26 18:07:59,343 basehttp 8932 6150221824 "GET /enrollments/dashboard/ HTTP/1.1" 302 0
INFO 2025-07-26 18:08:01,307 basehttp 8932 6133395456 "GET / HTTP/1.1" 200 46196
INFO 2025-07-26 18:11:26,587 autoreload 8932 8366087936 /Users/dave/Documents/projects/ACRP/enrollments/views.py changed, reloading.
INFO 2025-07-26 18:11:27,212 autoreload 9089 8366087936 Watching for file changes with StatReloader
INFO 2025-07-26 18:11:35,484 basehttp 9089 6169882624 "GET / HTTP/1.1" 200 46196
ERROR 2025-07-26 18:11:40,941 log 9089 6169882624 Internal Server Error: /enrollments/dashboard/
Traceback (most recent call last):
  File "/Users/dave/Documents/projects/ACRP/env/lib/python3.13/site-packages/django/core/handlers/exception.py", line 55, in inner
    response = get_response(request)
  File "/Users/dave/Documents/projects/ACRP/env/lib/python3.13/site-packages/django/core/handlers/base.py", line 197, in _get_response
    response = wrapped_callback(request, *callback_args, **callback_kwargs)
  File "/Users/dave/Documents/projects/ACRP/env/lib/python3.13/site-packages/django/contrib/auth/decorators.py", line 59, in _view_wrapper
    return view_func(request, *args, **kwargs)
  File "/Users/dave/Documents/projects/ACRP/enrollments/views.py", line 2048, in enrollment_dashboard
    for app_type_name, app_model in app_models:
                                    ^^^^^^^^^^
UnboundLocalError: cannot access local variable 'app_models' where it is not associated with a value
ERROR 2025-07-26 18:11:40,944 basehttp 9089 6169882624 "GET /enrollments/dashboard/ HTTP/1.1" 500 5640
INFO 2025-07-26 18:12:24,536 autoreload 9089 8366087936 /Users/dave/Documents/projects/ACRP/app/urls.py changed, reloading.
INFO 2025-07-26 18:12:25,032 autoreload 9150 8366087936 Watching for file changes with StatReloader
INFO 2025-07-26 18:14:46,774 basehttp 9150 6210383872 "GET / HTTP/1.1" 200 46196
ERROR 2025-07-26 18:14:52,569 log 9150 6210383872 Internal Server Error: /enrollments/dashboard/
Traceback (most recent call last):
  File "/Users/dave/Documents/projects/ACRP/env/lib/python3.13/site-packages/django/core/handlers/exception.py", line 55, in inner
    response = get_response(request)
  File "/Users/dave/Documents/projects/ACRP/env/lib/python3.13/site-packages/django/core/handlers/base.py", line 197, in _get_response
    response = wrapped_callback(request, *callback_args, **callback_kwargs)
  File "/Users/dave/Documents/projects/ACRP/env/lib/python3.13/site-packages/django/contrib/auth/decorators.py", line 59, in _view_wrapper
    return view_func(request, *args, **kwargs)
  File "/Users/dave/Documents/projects/ACRP/enrollments/views.py", line 2048, in enrollment_dashboard
    for app_type_name, app_model in app_models:
                                    ^^^^^^^^^^
UnboundLocalError: cannot access local variable 'app_models' where it is not associated with a value
ERROR 2025-07-26 18:14:52,572 basehttp 9150 6210383872 "GET /enrollments/dashboard/ HTTP/1.1" 500 5640
INFO 2025-07-26 18:35:17,114 autoreload 9150 8366087936 /Users/dave/Documents/projects/ACRP/enrollments/views.py changed, reloading.
INFO 2025-07-26 18:35:17,764 autoreload 9486 8366087936 Watching for file changes with StatReloader
INFO 2025-07-26 18:36:56,758 autoreload 9486 8366087936 /Users/dave/Documents/projects/ACRP/enrollments/views.py changed, reloading.
INFO 2025-07-26 18:36:57,234 autoreload 9531 8366087936 Watching for file changes with StatReloader
INFO 2025-07-26 18:37:09,538 autoreload 9531 8366087936 /Users/dave/Documents/projects/ACRP/enrollments/views.py changed, reloading.
INFO 2025-07-26 18:37:10,025 autoreload 9547 8366087936 Watching for file changes with StatReloader
INFO 2025-07-26 18:37:11,399 autoreload 9547 8366087936 /Users/dave/Documents/projects/ACRP/enrollments/views.py changed, reloading.
INFO 2025-07-26 18:37:11,817 autoreload 9548 8366087936 Watching for file changes with StatReloader
INFO 2025-07-26 18:37:16,475 autoreload 9548 8366087936 /Users/dave/Documents/projects/ACRP/enrollments/views.py changed, reloading.
INFO 2025-07-26 18:37:16,967 autoreload 9555 8366087936 Watching for file changes with StatReloader
INFO 2025-07-26 18:37:18,314 autoreload 9555 8366087936 /Users/dave/Documents/projects/ACRP/enrollments/views.py changed, reloading.
INFO 2025-07-26 18:37:18,723 autoreload 9564 8366087936 Watching for file changes with StatReloader
INFO 2025-07-26 18:37:26,630 autoreload 9564 8366087936 /Users/dave/Documents/projects/ACRP/enrollments/views.py changed, reloading.
INFO 2025-07-26 18:37:27,114 autoreload 9572 8366087936 Watching for file changes with StatReloader
INFO 2025-07-26 18:37:34,784 basehttp 9572 6191673344 "GET /enrollments/dashboard/ HTTP/1.1" 302 0
INFO 2025-07-26 18:37:35,943 basehttp 9572 6191673344 "GET / HTTP/1.1" 200 46196
INFO 2025-07-26 18:37:35,957 basehttp 9572 6191673344 "GET /static/main_media/logo-white.png HTTP/1.1" 304 0
INFO 2025-07-26 18:37:42,769 basehttp 9572 6191673344 "GET /enrollments/dashboard/ HTTP/1.1" 302 0
INFO 2025-07-26 18:37:43,940 basehttp 9572 6191673344 "GET / HTTP/1.1" 200 46196
INFO 2025-07-26 18:38:44,180 autoreload 9572 8366087936 /Users/dave/Documents/projects/ACRP/enrollments/views.py changed, reloading.
INFO 2025-07-26 18:38:44,671 autoreload 9606 8366087936 Watching for file changes with StatReloader
ERROR 2025-07-26 18:38:53,695 log 9606 6138753024 Internal Server Error: /enrollments/dashboard/
Traceback (most recent call last):
  File "/Users/dave/Documents/projects/ACRP/env/lib/python3.13/site-packages/django/template/base.py", line 891, in _resolve_lookup
    current = current[bit]
              ~~~~~~~^^^^^
KeyError: 'rejected'

During handling of the above exception, another exception occurred:

Traceback (most recent call last):
  File "/Users/dave/Documents/projects/ACRP/env/lib/python3.13/site-packages/django/template/base.py", line 901, in _resolve_lookup
    current = getattr(current, bit)
AttributeError: 'dict' object has no attribute 'rejected'

During handling of the above exception, another exception occurred:

Traceback (most recent call last):
  File "/Users/dave/Documents/projects/ACRP/env/lib/python3.13/site-packages/django/template/base.py", line 907, in _resolve_lookup
    current = current[int(bit)]
                      ~~~^^^^^
ValueError: invalid literal for int() with base 10: 'rejected'

During handling of the above exception, another exception occurred:

Traceback (most recent call last):
  File "/Users/dave/Documents/projects/ACRP/env/lib/python3.13/site-packages/django/core/handlers/exception.py", line 55, in inner
    response = get_response(request)
  File "/Users/dave/Documents/projects/ACRP/env/lib/python3.13/site-packages/django/core/handlers/base.py", line 197, in _get_response
    response = wrapped_callback(request, *callback_args, **callback_kwargs)
  File "/Users/dave/Documents/projects/ACRP/env/lib/python3.13/site-packages/django/contrib/auth/decorators.py", line 59, in _view_wrapper
    return view_func(request, *args, **kwargs)
  File "/Users/dave/Documents/projects/ACRP/enrollments/views.py", line 2088, in enrollment_dashboard
    return render(request, 'enrollments/dashboard.html', context)
  File "/Users/dave/Documents/projects/ACRP/env/lib/python3.13/site-packages/django/shortcuts.py", line 25, in render
    content = loader.render_to_string(template_name, context, request, using=using)
  File "/Users/dave/Documents/projects/ACRP/env/lib/python3.13/site-packages/django/template/loader.py", line 62, in render_to_string
    return template.render(context, request)
           ~~~~~~~~~~~~~~~^^^^^^^^^^^^^^^^^^
  File "/Users/dave/Documents/projects/ACRP/env/lib/python3.13/site-packages/django/template/backends/django.py", line 107, in render
    return self.template.render(context)
           ~~~~~~~~~~~~~~~~~~~~^^^^^^^^^
  File "/Users/dave/Documents/projects/ACRP/env/lib/python3.13/site-packages/django/template/base.py", line 171, in render
    return self._render(context)
           ~~~~~~~~~~~~^^^^^^^^^
  File "/Users/dave/Documents/projects/ACRP/env/lib/python3.13/site-packages/django/template/base.py", line 163, in _render
    return self.nodelist.render(context)
           ~~~~~~~~~~~~~~~~~~~~^^^^^^^^^
  File "/Users/dave/Documents/projects/ACRP/env/lib/python3.13/site-packages/django/template/base.py", line 1016, in render
    return SafeString("".join([node.render_annotated(context) for node in self]))
                               ~~~~~~~~~~~~~~~~~~~~~^^^^^^^^^
  File "/Users/dave/Documents/projects/ACRP/env/lib/python3.13/site-packages/django/template/base.py", line 977, in render_annotated
    return self.render(context)
           ~~~~~~~~~~~^^^^^^^^^
  File "/Users/dave/Documents/projects/ACRP/env/lib/python3.13/site-packages/django/template/base.py", line 1075, in render
    output = self.filter_expression.resolve(context)
  File "/Users/dave/Documents/projects/ACRP/env/lib/python3.13/site-packages/django/template/base.py", line 743, in resolve
    arg_vals.append(arg.resolve(context))
                    ~~~~~~~~~~~^^^^^^^^^
  File "/Users/dave/Documents/projects/ACRP/env/lib/python3.13/site-packages/django/template/base.py", line 854, in resolve
    value = self._resolve_lookup(context)
  File "/Users/dave/Documents/projects/ACRP/env/lib/python3.13/site-packages/django/template/base.py", line 914, in _resolve_lookup
    raise VariableDoesNotExist(
    ^^^^^^^^^^^^^^^^^^^^^^^^^^^
    ...<2 lines>...
    )  # missing attribute
    ^
django.template.base.VariableDoesNotExist: Failed lookup for key [rejected] in {'total': 0, 'approved': 0, 'pending': 0, 'by_type': {}}
ERROR 2025-07-26 18:38:53,703 basehttp 9606 6138753024 "GET /enrollments/dashboard/ HTTP/1.1" 500 5640
INFO 2025-07-26 18:41:37,248 autoreload 9606 8366087936 /Users/dave/Documents/projects/ACRP/enrollments/views.py changed, reloading.
INFO 2025-07-26 18:41:37,792 autoreload 9656 8366087936 Watching for file changes with StatReloader
INFO 2025-07-26 18:41:44,760 autoreload 9656 8366087936 /Users/dave/Documents/projects/ACRP/enrollments/views.py changed, reloading.
INFO 2025-07-26 18:41:45,232 autoreload 9671 8366087936 Watching for file changes with StatReloader
INFO 2025-07-26 18:41:48,525 autoreload 9671 8366087936 /Users/dave/Documents/projects/ACRP/enrollments/views.py changed, reloading.
INFO 2025-07-26 18:41:48,947 autoreload 9678 8366087936 Watching for file changes with StatReloader
INFO 2025-07-26 18:41:55,612 basehttp 9678 6166507520 "GET /enrollments/dashboard/ HTTP/1.1" 302 0
INFO 2025-07-26 18:41:55,626 basehttp 9678 6166507520 "GET /auth/login/ HTTP/1.1" 200 7409
INFO 2025-07-26 18:41:55,635 basehttp 9678 6166507520 "GET /static/css/auth.bootstrap.css HTTP/1.1" 200 209593
INFO 2025-07-26 18:41:55,642 basehttp 9678 6183333888 "GET /static/main_media/logo.png HTTP/1.1" 200 45196
INFO 2025-07-26 18:42:07,975 autoreload 9678 8366087936 /Users/dave/Documents/projects/ACRP/enrollments/views.py changed, reloading.
INFO 2025-07-26 18:42:08,438 autoreload 9716 8366087936 Watching for file changes with StatReloader
INFO 2025-07-26 18:42:19,412 basehttp 9716 6128939008 "GET / HTTP/1.1" 200 46196
INFO 2025-07-26 18:42:33,509 basehttp 9716 6128939008 "GET /enrollments/dashboard/ HTTP/1.1" 200 33122
INFO 2025-07-26 18:43:01,008 basehttp 9716 6128939008 "GET /acrpdevadmin HTTP/1.1" 301 0
INFO 2025-07-26 18:43:02,801 basehttp 9716 6128939008 "GET /acrpdevadmin/ HTTP/1.1" 200 36548
INFO 2025-07-26 18:43:02,838 basehttp 9716 6128939008 "GET /static/admin/css/base.css HTTP/1.1" 200 22120
INFO 2025-07-26 18:43:02,841 basehttp 9716 6145765376 "GET /static/admin/css/dark_mode.css HTTP/1.1" 200 2808
INFO 2025-07-26 18:43:02,842 basehttp 9716 13186969600 "GET /static/admin/js/nav_sidebar.js HTTP/1.1" 200 3063
INFO 2025-07-26 18:43:02,842 basehttp 9716 13203795968 "GET /static/admin/css/dashboard.css HTTP/1.1" 200 441
INFO 2025-07-26 18:43:02,842 basehttp 9716 13170143232 "GET /static/admin/css/nav_sidebar.css HTTP/1.1" 200 2810
INFO 2025-07-26 18:43:02,842 basehttp 9716 6162591744 "GET /static/admin/js/theme.js HTTP/1.1" 200 1653
INFO 2025-07-26 18:43:02,843 basehttp 9716 6128939008 "GET /static/admin/css/responsive.css HTTP/1.1" 200 16565
INFO 2025-07-26 18:43:02,859 basehttp 9716 6145765376 "GET /static/admin/img/icon-addlink.svg HTTP/1.1" 200 331
INFO 2025-07-26 18:43:02,859 basehttp 9716 6162591744 "GET /static/admin/img/icon-changelink.svg HTTP/1.1" 200 380
INFO 2025-07-26 18:43:15,316 basehttp 9716 13203795968 "GET /acrpdevadmin/accounts/user/ HTTP/1.1" 200 33673
INFO 2025-07-26 18:43:15,327 basehttp 9716 13170143232 "GET /static/admin/css/changelists.css HTTP/1.1" 200 6878
INFO 2025-07-26 18:43:15,331 basehttp 9716 6162591744 "GET /static/admin/js/jquery.init.js HTTP/1.1" 200 347
INFO 2025-07-26 18:43:15,332 basehttp 9716 13186969600 "GET /static/admin/js/core.js HTTP/1.1" 200 6208
INFO 2025-07-26 18:43:15,332 basehttp 9716 13203795968 "GET /static/admin/js/admin/RelatedObjectLookups.js HTTP/1.1" 200 9777
INFO 2025-07-26 18:43:15,332 basehttp 9716 6145765376 "GET /static/admin/js/vendor/jquery/jquery.min.js HTTP/1.1" 200 87533
INFO 2025-07-26 18:43:15,335 basehttp 9716 6145765376 "GET /static/admin/js/urlify.js HTTP/1.1" 200 7887
INFO 2025-07-26 18:43:15,336 basehttp 9716 13170143232 "GET /static/admin/js/actions.js HTTP/1.1" 200 8076
INFO 2025-07-26 18:43:15,336 basehttp 9716 6162591744 "GET /static/admin/js/prepopulate.js HTTP/1.1" 200 1531
INFO 2025-07-26 18:43:15,337 basehttp 9716 13203795968 "GET /static/admin/js/filters.js HTTP/1.1" 200 978
INFO 2025-07-26 18:43:15,338 basehttp 9716 13186969600 "GET /static/admin/js/vendor/xregexp/xregexp.min.js HTTP/1.1" 200 163184
INFO 2025-07-26 18:43:15,340 basehttp 9716 13170143232 "GET /static/admin/img/search.svg HTTP/1.1" 200 458
INFO 2025-07-26 18:43:15,342 basehttp 9716 6145765376 "GET /static/admin/img/icon-yes.svg HTTP/1.1" 200 436
INFO 2025-07-26 18:43:15,842 basehttp 9716 6128939008 "GET /acrpdevadmin/jsi18n/ HTTP/1.1" 200 3342
INFO 2025-07-26 18:43:15,876 basehttp 9716 6162591744 "GET /static/admin/img/tooltag-add.svg HTTP/1.1" 200 331
INFO 2025-07-26 18:43:15,876 basehttp 9716 13203795968 "GET /static/admin/img/icon-viewlink.svg HTTP/1.1" 200 581
INFO 2025-07-26 18:43:41,239 basehttp 9716 6162591744 "GET /acrpdevadmin/enrollments/associatedapplication/ HTTP/1.1" 200 32212
INFO 2025-07-26 18:43:42,267 basehttp 9716 13203795968 "GET /acrpdevadmin/jsi18n/ HTTP/1.1" 200 3342
INFO 2025-07-26 18:44:25,938 basehttp 9716 6128939008 "GET / HTTP/1.1" 200 46196
INFO 2025-07-26 18:44:34,509 basehttp 9716 6128939008 "GET /enrollments/dashboard/ HTTP/1.1" 200 33122
INFO 2025-07-26 18:44:37,296 basehttp 9716 6128939008 "GET /enrollments/onboarding/ HTTP/1.1" 200 22970
INFO 2025-07-26 18:44:41,807 basehttp 9716 6128939008 "POST /enrollments/onboarding/ HTTP/1.1" 200 23617
INFO 2025-07-26 18:45:21,378 basehttp 9716 13170143232 "GET /acrpdevadmin/accounts/user/1/change/ HTTP/1.1" 200 79608
INFO 2025-07-26 18:45:21,392 basehttp 9716 13170143232 "GET /static/admin/css/forms.css HTTP/1.1" 200 8525
INFO 2025-07-26 18:45:21,399 basehttp 9716 6145765376 "GET /static/admin/js/calendar.js HTTP/1.1" 200 9141
INFO 2025-07-26 18:45:21,400 basehttp 9716 6162591744 "GET /static/admin/js/admin/DateTimeShortcuts.js HTTP/1.1" 200 19319
INFO 2025-07-26 18:45:21,400 basehttp 9716 13170143232 "GET /static/admin/css/widgets.css HTTP/1.1" 200 11991
INFO 2025-07-26 18:45:21,401 basehttp 9716 13186969600 "GET /static/admin/js/change_form.js HTTP/1.1" 200 606
INFO 2025-07-26 18:45:21,401 basehttp 9716 13203795968 "GET /static/admin/js/prepopulate_init.js HTTP/1.1" 200 586
INFO 2025-07-26 18:45:21,404 basehttp 9716 6145765376 "GET /static/admin/img/icon-deletelink.svg HTTP/1.1" 200 392
INFO 2025-07-26 18:45:24,355 basehttp 9716 6128939008 "GET /acrpdevadmin/jsi18n/ HTTP/1.1" 200 3342
INFO 2025-07-26 18:45:24,384 basehttp 9716 6162591744 "GET /static/admin/img/tooltag-arrowright.svg HTTP/1.1" 200 280
INFO 2025-07-26 18:45:24,418 basehttp 9716 13170143232 "GET /static/admin/img/icon-calendar.svg HTTP/1.1" 200 1086
INFO 2025-07-26 18:45:24,420 basehttp 9716 13186969600 "GET /static/admin/img/icon-clock.svg HTTP/1.1" 200 677
INFO 2025-07-26 18:51:26,694 basehttp 9716 6128939008 "GET /acrpdevadmin/accounts/role/add/?_to_field=id&_popup=1 HTTP/1.1" 200 8997
INFO 2025-07-26 18:51:27,249 basehttp 9716 6128939008 "GET /acrpdevadmin/jsi18n/ HTTP/1.1" 200 3342
INFO 2025-07-26 18:51:35,188 basehttp 9716 6128939008 "GET /acrpdevadmin/accounts/role/add/?_to_field=id&_popup=1 HTTP/1.1" 200 8997
INFO 2025-07-26 18:51:35,724 basehttp 9716 6128939008 "GET /acrpdevadmin/jsi18n/ HTTP/1.1" 200 3342
INFO 2025-07-26 18:51:42,486 basehttp 9716 6128939008 "GET /acrpdevadmin/accounts/department/add/?_to_field=id&_popup=1 HTTP/1.1" 200 5045
INFO 2025-07-26 18:51:43,025 basehttp 9716 6128939008 "GET /acrpdevadmin/jsi18n/ HTTP/1.1" 200 3342
INFO 2025-07-26 18:51:47,694 basehttp 9716 6128939008 "POST /acrpdevadmin/accounts/department/add/?_to_field=id&_popup=1 HTTP/1.1" 200 322
INFO 2025-07-26 18:51:47,703 basehttp 9716 6128939008 "GET /static/admin/js/popup_response.js HTTP/1.1" 200 532
INFO 2025-07-26 18:51:53,411 basehttp 9716 6128939008 "POST /acrpdevadmin/accounts/role/add/?_to_field=id&_popup=1 HTTP/1.1" 200 322
INFO 2025-07-26 18:51:59,841 basehttp 9716 6128939008 "GET /acrpdevadmin/accounts/department/add/?_to_field=id&_popup=1 HTTP/1.1" 200 5045
INFO 2025-07-26 18:52:00,375 basehttp 9716 6128939008 "GET /acrpdevadmin/jsi18n/ HTTP/1.1" 200 3342
INFO 2025-07-26 18:52:04,997 basehttp 9716 6128939008 "POST /acrpdevadmin/accounts/department/add/?_to_field=id&_popup=1 HTTP/1.1" 200 5296
INFO 2025-07-26 18:52:05,536 basehttp 9716 6128939008 "GET /acrpdevadmin/jsi18n/ HTTP/1.1" 200 3342
INFO 2025-07-26 18:52:48,288 basehttp 9716 6128939008 "POST /acrpdevadmin/accounts/user/1/change/ HTTP/1.1" 302 0
INFO 2025-07-26 18:52:50,155 basehttp 9716 6128939008 "GET /acrpdevadmin/accounts/user/ HTTP/1.1" 200 34489
INFO 2025-07-26 18:52:50,783 basehttp 9716 6128939008 "GET /acrpdevadmin/jsi18n/ HTTP/1.1" 200 3342
INFO 2025-07-26 18:53:36,370 basehttp 9716 6128939008 "POST /enrollments/onboarding/ HTTP/1.1" 200 23617
INFO 2025-07-26 18:53:39,680 basehttp 9716 6128939008 "POST /enrollments/onboarding/ HTTP/1.1" 200 23617
INFO 2025-07-26 18:54:03,346 basehttp 9716 6128939008 "GET /enrollments/dashboard/ HTTP/1.1" 200 33122
INFO 2025-07-26 18:54:10,922 basehttp 9716 6128939008 "GET /enrollments/onboarding/ HTTP/1.1" 200 22970
INFO 2025-07-26 18:54:26,502 basehttp 9716 6128939008 "GET /acrpdevadmin/enrollments/associatedapplication/ HTTP/1.1" 200 32211
INFO 2025-07-26 18:54:27,028 basehttp 9716 6128939008 "GET /acrpdevadmin/jsi18n/ HTTP/1.1" 200 3342
INFO 2025-07-26 18:54:31,163 basehttp 9716 6128939008 "GET /acrpdevadmin/enrollments/affiliationtype/ HTTP/1.1" 200 31819
INFO 2025-07-26 18:54:31,676 basehttp 9716 6128939008 "GET /acrpdevadmin/jsi18n/ HTTP/1.1" 200 3342
INFO 2025-07-26 18:54:34,208 basehttp 9716 6128939008 "GET /acrpdevadmin/enrollments/affiliationtype/add/ HTTP/1.1" 200 33687
INFO 2025-07-26 18:54:34,721 basehttp 9716 6128939008 "GET /acrpdevadmin/jsi18n/ HTTP/1.1" 200 3342
INFO 2025-07-26 18:55:00,893 basehttp 9716 6128939008 "POST /acrpdevadmin/enrollments/affiliationtype/add/ HTTP/1.1" 302 0
INFO 2025-07-26 18:55:01,919 basehttp 9716 6128939008 "GET /acrpdevadmin/enrollments/affiliationtype/ HTTP/1.1" 200 34534
INFO 2025-07-26 18:55:01,933 basehttp 9716 6145765376 "GET /static/admin/img/icon-no.svg HTTP/1.1" 200 560
INFO 2025-07-26 18:55:02,429 basehttp 9716 6128939008 "GET /acrpdevadmin/jsi18n/ HTTP/1.1" 200 3342
INFO 2025-07-26 18:55:02,450 basehttp 9716 6145765376 "GET /static/admin/img/sorting-icons.svg HTTP/1.1" 200 1097
INFO 2025-07-26 18:55:07,524 basehttp 9716 6145765376 "GET /acrpdevadmin/enrollments/affiliationtype/add/ HTTP/1.1" 200 33687
INFO 2025-07-26 18:55:08,036 basehttp 9716 6128939008 "GET /acrpdevadmin/jsi18n/ HTTP/1.1" 200 3342
INFO 2025-07-26 18:55:33,215 basehttp 9716 6145765376 "POST /acrpdevadmin/enrollments/affiliationtype/add/ HTTP/1.1" 302 0
INFO 2025-07-26 18:55:34,233 basehttp 9716 6128939008 "GET /acrpdevadmin/enrollments/affiliationtype/ HTTP/1.1" 200 35181
INFO 2025-07-26 18:55:35,223 basehttp 9716 6145765376 "GET /acrpdevadmin/jsi18n/ HTTP/1.1" 200 3342
INFO 2025-07-26 18:55:37,054 basehttp 9716 6145765376 "GET /acrpdevadmin/enrollments/affiliationtype/add/ HTTP/1.1" 200 33687
INFO 2025-07-26 18:55:37,567 basehttp 9716 6128939008 "GET /acrpdevadmin/jsi18n/ HTTP/1.1" 200 3342
INFO 2025-07-26 18:56:00,342 basehttp 9716 6145765376 "POST /acrpdevadmin/enrollments/affiliationtype/add/ HTTP/1.1" 302 0
INFO 2025-07-26 18:56:01,369 basehttp 9716 6128939008 "GET /acrpdevadmin/enrollments/affiliationtype/ HTTP/1.1" 200 35815
INFO 2025-07-26 18:56:01,971 basehttp 9716 6145765376 "GET /acrpdevadmin/jsi18n/ HTTP/1.1" 200 3342
INFO 2025-07-26 18:56:32,069 basehttp 9716 6145765376 "GET /acrpdevadmin/enrollments/council/ HTTP/1.1" 200 31710
INFO 2025-07-26 18:56:33,464 basehttp 9716 6145765376 "GET /acrpdevadmin/jsi18n/ HTTP/1.1" 200 3342
INFO 2025-07-26 18:56:35,901 basehttp 9716 6145765376 "GET /acrpdevadmin/enrollments/council/add/ HTTP/1.1" 200 34289
INFO 2025-07-26 18:56:36,504 basehttp 9716 6145765376 "GET /acrpdevadmin/jsi18n/ HTTP/1.1" 200 3342
INFO 2025-07-26 18:57:27,418 basehttp 9716 6128939008 "GET / HTTP/1.1" 200 46209
INFO 2025-07-26 19:02:26,723 basehttp 9716 6128939008 "POST /acrpdevadmin/enrollments/council/add/ HTTP/1.1" 302 0
INFO 2025-07-26 19:02:27,716 basehttp 9716 6128939008 "GET /acrpdevadmin/enrollments/council/add/ HTTP/1.1" 200 34541
INFO 2025-07-26 19:02:28,301 basehttp 9716 6128939008 "GET /acrpdevadmin/jsi18n/ HTTP/1.1" 200 3342
INFO 2025-07-26 19:02:44,280 basehttp 9716 6128939008 "POST /acrpdevadmin/enrollments/council/add/ HTTP/1.1" 302 0
INFO 2025-07-26 19:02:44,863 basehttp 9716 6128939008 "GET /acrpdevadmin/enrollments/council/add/ HTTP/1.1" 200 34541
INFO 2025-07-26 19:02:45,453 basehttp 9716 6128939008 "GET /acrpdevadmin/jsi18n/ HTTP/1.1" 200 3342
INFO 2025-07-26 19:02:57,993 basehttp 9716 6128939008 "POST /acrpdevadmin/enrollments/council/add/ HTTP/1.1" 302 0
INFO 2025-07-26 19:02:59,148 basehttp 9716 6128939008 "GET /acrpdevadmin/enrollments/council/ HTTP/1.1" 200 35600
INFO 2025-07-26 19:02:59,735 basehttp 9716 6128939008 "GET /acrpdevadmin/jsi18n/ HTTP/1.1" 200 3342
INFO 2025-07-26 19:03:15,346 basehttp 9716 6128939008 "GET /acrpdevadmin/enrollments/designatedapplication/ HTTP/1.1" 200 32784
INFO 2025-07-26 19:03:16,311 basehttp 9716 6128939008 "GET /acrpdevadmin/jsi18n/ HTTP/1.1" 200 3342
INFO 2025-07-26 19:03:19,850 basehttp 9716 6128939008 "GET /enrollments/onboarding/ HTTP/1.1" 200 22970
INFO 2025-07-26 19:03:26,051 basehttp 9716 6128939008 "POST /enrollments/onboarding/ HTTP/1.1" 302 0
INFO 2025-07-26 19:03:27,005 basehttp 9716 6128939008 "GET /enrollments/onboarding/council/87af6b12-a19f-478e-8456-acebea331170/ HTTP/1.1" 200 33469
INFO 2025-07-26 19:03:37,422 basehttp 9716 6128939008 "POST /enrollments/onboarding/council/87af6b12-a19f-478e-8456-acebea331170/ HTTP/1.1" 302 0
INFO 2025-07-26 19:03:39,808 basehttp 9716 6128939008 "GET /enrollments/application/create/87af6b12-a19f-478e-8456-acebea331170/ HTTP/1.1" 200 70683
INFO 2025-07-26 19:07:15,658 basehttp 9716 6128939008 "GET /acrpdevadmin/enrollments/associatedapplication/ HTTP/1.1" 200 32784
INFO 2025-07-26 19:07:16,292 basehttp 9716 6128939008 "GET /acrpdevadmin/jsi18n/ HTTP/1.1" 200 3342
INFO 2025-07-26 19:07:36,202 basehttp 9716 6128939008 "GET / HTTP/1.1" 200 46209
INFO 2025-07-26 19:08:01,727 basehttp 9716 6128939008 "GET /enrollments/dashboard/ HTTP/1.1" 200 33122
INFO 2025-07-26 19:10:52,666 basehttp 9716 6128939008 "GET /enrollments/dashboard/ HTTP/1.1" 200 33122
INFO 2025-07-30 19:24:19,320 autoreload 12643 8574050048 Watching for file changes with StatReloader
INFO 2025-07-30 19:24:35,909 autoreload 12643 8574050048 /Users/dave/Documents/projects/ACRP/acrp/settings.py changed, reloading.
INFO 2025-08-06 09:26:59,720 autoreload 60204 8574050048 Watching for file changes with StatReloader
INFO 2025-08-06 09:27:09,846 basehttp 60204 6125187072 "GET / HTTP/1.1" 302 0
INFO 2025-08-06 09:27:09,859 basehttp 60204 6125187072 "GET /auth/login/?next=/ HTTP/1.1" 200 7409
INFO 2025-08-06 09:27:09,910 basehttp 60204 6142013440 "GET /static/main_media/logo.png HTTP/1.1" 200 45196
INFO 2025-08-06 09:27:09,914 basehttp 60204 6125187072 "GET /static/css/auth.bootstrap.css HTTP/1.1" 200 209593
INFO 2025-08-06 09:27:11,382 basehttp 60204 6125187072 "GET /static/main_media/logo-white-footer.png HTTP/1.1" 200 7294
WARNING 2025-08-06 09:27:22,408 log 60204 6125187072 Not Found: /enrollemnts/onboarding
WARNING 2025-08-06 09:27:22,409 basehttp 60204 6125187072 "GET /enrollemnts/onboarding HTTP/1.1" 404 4196
WARNING 2025-08-06 09:27:22,577 log 60204 6125187072 Not Found: /static/favicon.ico
WARNING 2025-08-06 09:27:22,578 basehttp 60204 6125187072 "GET /static/favicon.ico HTTP/1.1" 404 4196
INFO 2025-08-06 09:27:40,597 basehttp 60204 6125187072 "GET /enrollments/onboarding/ HTTP/1.1" 200 22970
WARNING 2025-08-06 09:27:41,052 log 60204 6125187072 Not Found: /favicon.ico
WARNING 2025-08-06 09:27:41,052 basehttp 60204 6125187072 "GET /favicon.ico HTTP/1.1" 404 4196
ERROR 2025-08-06 09:27:46,373 log 60204 6125187072 Internal Server Error: /enrollments/onboarding/
Traceback (most recent call last):
  File "/Users/dave/Documents/projects/ACRP/env/lib/python3.13/site-packages/django/db/models/query.py", line 946, in get_or_create
    return self.get(**kwargs), False
           ~~~~~~~~^^^^^^^^^^
  File "/Users/dave/Documents/projects/ACRP/env/lib/python3.13/site-packages/django/db/models/query.py", line 633, in get
    raise self.model.DoesNotExist(
        "%s matching query does not exist." % self.model._meta.object_name
    )
enrollments.models.OnboardingSession.DoesNotExist: OnboardingSession matching query does not exist.

During handling of the above exception, another exception occurred:

Traceback (most recent call last):
  File "/Users/dave/Documents/projects/ACRP/env/lib/python3.13/site-packages/django/db/backends/utils.py", line 105, in _execute
    return self.cursor.execute(sql, params)
           ~~~~~~~~~~~~~~~~~~~^^^^^^^^^^^^^
  File "/Users/dave/Documents/projects/ACRP/env/lib/python3.13/site-packages/psycopg/cursor.py", line 97, in execute
    raise ex.with_traceback(None)
psycopg.errors.NotNullViolation: null value in column "user_id" of relation "enrollments_onboardingsession" violates not-null constraint
DETAIL:  Failing row contains (11, dd2eed71-c582-4ae7-8dd3-5c0284e80d0d, 2025-08-06 09:27:45.647195+00, 2025-08-06 09:27:45.647221+00, null, 127.0.0.1, Mozilla/5.0 (Macintosh; Intel Mac OS X 10_15_7) AppleWebKit/537...., selecting_affiliation, 1, null, null, null, null).

The above exception was the direct cause of the following exception:

Traceback (most recent call last):
  File "/Users/dave/Documents/projects/ACRP/env/lib/python3.13/site-packages/django/core/handlers/exception.py", line 55, in inner
    response = get_response(request)
  File "/Users/dave/Documents/projects/ACRP/env/lib/python3.13/site-packages/django/core/handlers/base.py", line 197, in _get_response
    response = wrapped_callback(request, *callback_args, **callback_kwargs)
  File "/Users/dave/Documents/projects/ACRP/env/lib/python3.13/site-packages/django/utils/decorators.py", line 192, in _view_wrapper
    result = _process_exception(request, e)
  File "/Users/dave/Documents/projects/ACRP/env/lib/python3.13/site-packages/django/utils/decorators.py", line 190, in _view_wrapper
    response = view_func(request, *args, **kwargs)
  File "/Users/dave/Documents/projects/ACRP/enrollments/views.py", line 190, in onboarding_start
    session, created = OnboardingSession.objects.get_or_create(
                       ~~~~~~~~~~~~~~~~~~~~~~~~~~~~~~~~~~~~~~~^
        user=request.user if request.user.is_authenticated else None,
        ^^^^^^^^^^^^^^^^^^^^^^^^^^^^^^^^^^^^^^^^^^^^^^^^^^^^^^^^^^^^^
    ...<5 lines>...
        }
        ^
    )
    ^
  File "/Users/dave/Documents/projects/ACRP/env/lib/python3.13/site-packages/django/db/models/manager.py", line 87, in manager_method
    return getattr(self.get_queryset(), name)(*args, **kwargs)
           ~~~~~~~~~~~~~~~~~~~~~~~~~~~~~~~~~~^^^^^^^^^^^^^^^^^
  File "/Users/dave/Documents/projects/ACRP/env/lib/python3.13/site-packages/django/db/models/query.py", line 953, in get_or_create
    return self.create(**params), True
           ~~~~~~~~~~~^^^^^^^^^^
  File "/Users/dave/Documents/projects/ACRP/env/lib/python3.13/site-packages/django/db/models/query.py", line 663, in create
    obj.save(force_insert=True, using=self.db)
    ~~~~~~~~^^^^^^^^^^^^^^^^^^^^^^^^^^^^^^^^^^
  File "/Users/dave/Documents/projects/ACRP/env/lib/python3.13/site-packages/django/db/models/base.py", line 902, in save
    self.save_base(
    ~~~~~~~~~~~~~~^
        using=using,
        ^^^^^^^^^^^^
    ...<2 lines>...
        update_fields=update_fields,
        ^^^^^^^^^^^^^^^^^^^^^^^^^^^^
    )
    ^
  File "/Users/dave/Documents/projects/ACRP/env/lib/python3.13/site-packages/django/db/models/base.py", line 1008, in save_base
    updated = self._save_table(
        raw,
    ...<4 lines>...
        update_fields,
    )
  File "/Users/dave/Documents/projects/ACRP/env/lib/python3.13/site-packages/django/db/models/base.py", line 1169, in _save_table
    results = self._do_insert(
        cls._base_manager, using, fields, returning_fields, raw
    )
  File "/Users/dave/Documents/projects/ACRP/env/lib/python3.13/site-packages/django/db/models/base.py", line 1210, in _do_insert
    return manager._insert(
           ~~~~~~~~~~~~~~~^
        [self],
        ^^^^^^^
    ...<3 lines>...
        raw=raw,
        ^^^^^^^^
    )
    ^
  File "/Users/dave/Documents/projects/ACRP/env/lib/python3.13/site-packages/django/db/models/manager.py", line 87, in manager_method
    return getattr(self.get_queryset(), name)(*args, **kwargs)
           ~~~~~~~~~~~~~~~~~~~~~~~~~~~~~~~~~~^^^^^^^^^^^^^^^^^
  File "/Users/dave/Documents/projects/ACRP/env/lib/python3.13/site-packages/django/db/models/query.py", line 1868, in _insert
    return query.get_compiler(using=using).execute_sql(returning_fields)
           ~~~~~~~~~~~~~~~~~~~~~~~~~~~~~~~~~~~~~~~~~~~^^^^^^^^^^^^^^^^^^
  File "/Users/dave/Documents/projects/ACRP/env/lib/python3.13/site-packages/django/db/models/sql/compiler.py", line 1882, in execute_sql
    cursor.execute(sql, params)
    ~~~~~~~~~~~~~~^^^^^^^^^^^^^
  File "/Users/dave/Documents/projects/ACRP/env/lib/python3.13/site-packages/django/db/backends/utils.py", line 79, in execute
    return self._execute_with_wrappers(
           ~~~~~~~~~~~~~~~~~~~~~~~~~~~^
        sql, params, many=False, executor=self._execute
        ^^^^^^^^^^^^^^^^^^^^^^^^^^^^^^^^^^^^^^^^^^^^^^^
    )
    ^
  File "/Users/dave/Documents/projects/ACRP/env/lib/python3.13/site-packages/django/db/backends/utils.py", line 92, in _execute_with_wrappers
    return executor(sql, params, many, context)
  File "/Users/dave/Documents/projects/ACRP/env/lib/python3.13/site-packages/django/db/backends/utils.py", line 100, in _execute
    with self.db.wrap_database_errors:
         ^^^^^^^^^^^^^^^^^^^^^^^^^^^^
  File "/Users/dave/Documents/projects/ACRP/env/lib/python3.13/site-packages/django/db/utils.py", line 91, in __exit__
    raise dj_exc_value.with_traceback(traceback) from exc_value
  File "/Users/dave/Documents/projects/ACRP/env/lib/python3.13/site-packages/django/db/backends/utils.py", line 105, in _execute
    return self.cursor.execute(sql, params)
           ~~~~~~~~~~~~~~~~~~~^^^^^^^^^^^^^
  File "/Users/dave/Documents/projects/ACRP/env/lib/python3.13/site-packages/psycopg/cursor.py", line 97, in execute
    raise ex.with_traceback(None)
django.db.utils.IntegrityError: null value in column "user_id" of relation "enrollments_onboardingsession" violates not-null constraint
DETAIL:  Failing row contains (11, dd2eed71-c582-4ae7-8dd3-5c0284e80d0d, 2025-08-06 09:27:45.647195+00, 2025-08-06 09:27:45.647221+00, null, 127.0.0.1, Mozilla/5.0 (Macintosh; Intel Mac OS X 10_15_7) AppleWebKit/537...., selecting_affiliation, 1, null, null, null, null).
ERROR 2025-08-06 09:27:46,385 basehttp 60204 6125187072 "POST /enrollments/onboarding/ HTTP/1.1" 500 5640
INFO 2025-08-06 10:02:13,854 autoreload 60204 8574050048 /Users/dave/Documents/projects/ACRP/acrp/settings.py changed, reloading.
INFO 2025-08-06 10:02:14,250 autoreload 60769 8574050048 Watching for file changes with StatReloader
INFO 2025-08-06 10:02:15,570 autoreload 60769 8574050048 /Users/dave/Documents/projects/ACRP/acrp/settings.py changed, reloading.
INFO 2025-08-06 10:02:15,799 autoreload 60778 8574050048 Watching for file changes with StatReloader
INFO 2025-08-06 10:02:19,191 autoreload 60778 8574050048 /Users/dave/Documents/projects/ACRP/acrp/settings.py changed, reloading.
INFO 2025-08-06 10:02:19,441 autoreload 60783 8574050048 Watching for file changes with StatReloader
INFO 2025-08-06 10:08:21,582 autoreload 60783 8574050048 /Users/dave/Documents/projects/ACRP/enrollments/models.py changed, reloading.
INFO 2025-08-06 10:08:21,966 autoreload 60900 8574050048 Watching for file changes with StatReloader
INFO 2025-08-06 10:08:26,433 autoreload 60900 8574050048 /Users/dave/Documents/projects/ACRP/enrollments/models.py changed, reloading.
INFO 2025-08-06 10:08:26,685 autoreload 60924 8574050048 Watching for file changes with StatReloader
INFO 2025-08-06 10:08:27,819 autoreload 60924 8574050048 /Users/dave/Documents/projects/ACRP/enrollments/models.py changed, reloading.
INFO 2025-08-06 10:08:28,019 autoreload 60927 8574050048 Watching for file changes with StatReloader
INFO 2025-08-06 10:08:56,173 autoreload 60927 8574050048 /Users/dave/Documents/projects/ACRP/enrollments/models.py changed, reloading.
INFO 2025-08-06 10:08:56,535 autoreload 60941 8574050048 Watching for file changes with StatReloader
INFO 2025-08-06 10:08:59,940 autoreload 60941 8574050048 /Users/dave/Documents/projects/ACRP/enrollments/models.py changed, reloading.
INFO 2025-08-06 10:09:00,202 autoreload 60948 8574050048 Watching for file changes with StatReloader
INFO 2025-08-07 01:44:33,719 autoreload 73473 8574050048 Watching for file changes with StatReloader
INFO 2025-08-07 01:44:39,263 basehttp 73473 6141489152 code 400, message Bad request syntax ('\x16\x03\x01\x02\x00\x01\x00\x01ü\x03\x03F\x18U\x8c¹A\x84ýÖ\x0e')
ERROR 2025-08-07 01:44:39,264 basehttp 73473 6141489152 You're accessing the development server over HTTPS, but it only supports HTTP.
INFO 2025-08-07 01:44:39,265 basehttp 73473 6141489152 code 400, message Bad request version ('\x16?^\x91Á\x13`Æ$«¼W%K»Wi\x9bÑ¢u®8F÷¬\x88Ü\x00*\x8a\x8a\x13\x01\x13\x02\x13\x03À,À+Ì©À0À/Ì¨À')
ERROR 2025-08-07 01:44:39,266 basehttp 73473 6141489152 You're accessing the development server over HTTPS, but it only supports HTTP.
INFO 2025-08-07 01:44:39,267 basehttp 73473 6141489152 code 400, message Bad HTTP/0.9 request type ('\x16\x03\x01\x02\x00\x01\x00\x01ü\x03\x03Ú')
ERROR 2025-08-07 01:44:39,267 basehttp 73473 6141489152 You're accessing the development server over HTTPS, but it only supports HTTP.
INFO 2025-08-07 01:44:39,284 basehttp 73473 6141489152 code 400, message Bad request version ('{59UkÇúâ8rTÎpC,°³8M)&¾â×\x86þÂè$Lü\x7f\x00*::\x13\x01\x13\x02\x13\x03À,À+Ì©À0À/Ì¨À')
ERROR 2025-08-07 01:44:39,284 basehttp 73473 6141489152 You're accessing the development server over HTTPS, but it only supports HTTP.
INFO 2025-08-07 01:44:42,783 basehttp 73473 6141489152 "GET / HTTP/1.1" 302 0
INFO 2025-08-07 01:44:42,791 basehttp 73473 6141489152 "GET /auth/login/?next=/ HTTP/1.1" 200 7409
INFO 2025-08-07 01:44:55,724 basehttp 73473 6141489152 "POST /auth/login/ HTTP/1.1" 302 0
INFO 2025-08-07 01:44:57,075 basehttp 73473 6141489152 "GET / HTTP/1.1" 200 46211
INFO 2025-08-07 01:44:57,098 basehttp 73473 6141489152 "GET /static/main_media/logo-white.png HTTP/1.1" 200 36143
INFO 2025-08-07 01:45:02,532 basehttp 73473 6141489152 - Broken pipe from ('127.0.0.1', 59901)
INFO 2025-08-07 01:45:03,207 basehttp 73473 6158315520 "GET /auth/login/?next=/ HTTP/1.1" 200 7409
INFO 2025-08-07 01:45:04,938 basehttp 73473 6141489152 - Broken pipe from ('127.0.0.1', 59903)
INFO 2025-08-07 01:45:08,524 basehttp 73473 6158315520 "GET /acrpdevadmin/enrollments/designationcategory/ HTTP/1.1" 200 34053
INFO 2025-08-07 01:45:08,547 basehttp 73473 6158315520 "GET /static/admin/css/base.css HTTP/1.1" 200 22120
INFO 2025-08-07 01:45:08,601 basehttp 73473 6141489152 "GET /static/admin/js/theme.js HTTP/1.1" 200 1653
INFO 2025-08-07 01:45:08,601 basehttp 73473 6124662784 "GET /static/admin/css/dark_mode.css HTTP/1.1" 200 2808
INFO 2025-08-07 01:45:08,601 basehttp 73473 13321187328 "GET /static/admin/js/nav_sidebar.js HTTP/1.1" 200 3063
INFO 2025-08-07 01:45:08,601 basehttp 73473 6158315520 "GET /static/admin/css/forms.css HTTP/1.1" 200 8525
INFO 2025-08-07 01:45:08,601 basehttp 73473 13304360960 "GET /static/admin/css/nav_sidebar.css HTTP/1.1" 200 2810
INFO 2025-08-07 01:45:08,601 basehttp 73473 13338013696 "GET /static/admin/css/changelists.css HTTP/1.1" 200 6878
INFO 2025-08-07 01:45:08,603 basehttp 73473 6141489152 "GET /static/admin/js/jquery.init.js HTTP/1.1" 200 347
INFO 2025-08-07 01:45:08,604 basehttp 73473 13304360960 "GET /static/admin/js/admin/RelatedObjectLookups.js HTTP/1.1" 200 9777
INFO 2025-08-07 01:45:08,604 basehttp 73473 13338013696 "GET /static/admin/js/urlify.js HTTP/1.1" 200 7887
INFO 2025-08-07 01:45:08,604 basehttp 73473 6124662784 "GET /static/admin/js/vendor/jquery/jquery.min.js HTTP/1.1" 200 87533
INFO 2025-08-07 01:45:08,605 basehttp 73473 6158315520 "GET /static/admin/js/prepopulate.js HTTP/1.1" 200 1531
INFO 2025-08-07 01:45:08,606 basehttp 73473 6124662784 "GET /static/admin/js/filters.js HTTP/1.1" 200 978
INFO 2025-08-07 01:45:08,607 basehttp 73473 6141489152 "GET /static/admin/js/vendor/xregexp/xregexp.min.js HTTP/1.1" 200 163184
INFO 2025-08-07 01:45:08,607 basehttp 73473 13304360960 "GET /static/admin/js/core.js HTTP/1.1" 200 6208
INFO 2025-08-07 01:45:08,608 basehttp 73473 13338013696 "GET /static/admin/js/actions.js HTTP/1.1" 200 8076
INFO 2025-08-07 01:45:08,609 basehttp 73473 6158315520 "GET /static/admin/css/widgets.css HTTP/1.1" 200 11991
INFO 2025-08-07 01:45:08,609 basehttp 73473 6141489152 "GET /static/admin/css/responsive.css HTTP/1.1" 200 16565
INFO 2025-08-07 01:45:08,611 basehttp 73473 6124662784 "GET /static/admin/img/search.svg HTTP/1.1" 200 458
INFO 2025-08-07 01:45:10,335 basehttp 73473 13321187328 "GET /acrpdevadmin/jsi18n/ HTTP/1.1" 200 3342
INFO 2025-08-07 01:45:10,381 basehttp 73473 13304360960 "GET /static/admin/img/icon-addlink.svg HTTP/1.1" 200 331
INFO 2025-08-07 01:45:10,381 basehttp 73473 13338013696 "GET /static/admin/img/tooltag-add.svg HTTP/1.1" 200 331
INFO 2025-08-07 01:45:10,381 basehttp 73473 6141489152 "GET /static/admin/img/sorting-icons.svg HTTP/1.1" 200 1097
INFO 2025-08-07 01:45:10,382 basehttp 73473 6158315520 "GET /static/admin/img/icon-viewlink.svg HTTP/1.1" 200 581
INFO 2025-08-07 01:45:15,607 basehttp 73473 13321187328 "GET /acrpdevadmin/enrollments/designationcategory/add/ HTTP/1.1" 200 33456
INFO 2025-08-07 01:45:15,621 basehttp 73473 13338013696 "GET /static/admin/js/change_form.js HTTP/1.1" 200 606
INFO 2025-08-07 01:45:15,622 basehttp 73473 6141489152 "GET /static/admin/js/prepopulate_init.js HTTP/1.1" 200 586
INFO 2025-08-07 01:45:17,296 basehttp 73473 13304360960 "GET /acrpdevadmin/jsi18n/ HTTP/1.1" 200 3342
INFO 2025-08-07 01:45:34,849 basehttp 73473 13321187328 "GET / HTTP/1.1" 200 46211
INFO 2025-08-07 01:45:39,537 basehttp 73473 13304360960 - Broken pipe from ('127.0.0.1', 59909)
INFO 2025-08-07 01:45:42,454 basehttp 73473 13321187328 - Broken pipe from ('127.0.0.1', 59910)
INFO 2025-08-07 01:45:43,307 basehttp 73473 6158315520 "GET /enrollments/onboarding/category/a3521994-e6e8-47e1-bbde-b6d818c2b1a4/ HTTP/1.1" 200 23732
INFO 2025-08-07 01:45:48,875 basehttp 73473 6141489152 "GET /enrollments/onboarding/ HTTP/1.1" 200 22970
INFO 2025-08-07 01:45:54,682 basehttp 73473 6158315520 "POST /enrollments/onboarding/ HTTP/1.1" 302 0
INFO 2025-08-07 01:45:56,649 basehttp 73473 6124662784 "GET /enrollments/onboarding/council/75c970b6-2685-446a-8d66-9f8f9d74c6bc/ HTTP/1.1" 200 33476
INFO 2025-08-07 01:46:05,883 basehttp 73473 13338013696 "POST /enrollments/onboarding/council/75c970b6-2685-446a-8d66-9f8f9d74c6bc/ HTTP/1.1" 302 0
INFO 2025-08-07 01:46:07,816 basehttp 73473 6141489152 "GET /enrollments/onboarding/category/75c970b6-2685-446a-8d66-9f8f9d74c6bc/ HTTP/1.1" 200 23732
INFO 2025-08-07 01:46:33,348 basehttp 73473 13338013696 "POST /acrpdevadmin/enrollments/designationcategory/add/ HTTP/1.1" 302 0
INFO 2025-08-07 01:46:34,766 basehttp 73473 6141489152 "GET /acrpdevadmin/enrollments/designationcategory/ HTTP/1.1" 200 34981
INFO 2025-08-07 01:46:35,349 basehttp 73473 13338013696 "GET /acrpdevadmin/jsi18n/ HTTP/1.1" 200 3342
INFO 2025-08-07 01:46:35,419 basehttp 73473 6141489152 "GET /static/admin/img/icon-yes.svg HTTP/1.1" 200 436
INFO 2025-08-07 01:46:39,078 basehttp 73473 6141489152 "GET /acrpdevadmin/enrollments/designationcategory/add/ HTTP/1.1" 200 33456
INFO 2025-08-07 01:46:39,674 basehttp 73473 13338013696 "GET /acrpdevadmin/jsi18n/ HTTP/1.1" 200 3342
INFO 2025-08-07 01:46:56,397 basehttp 73473 6141489152 "POST /acrpdevadmin/enrollments/designationcategory/add/ HTTP/1.1" 302 0
INFO 2025-08-07 01:46:57,757 basehttp 73473 13338013696 "GET /acrpdevadmin/enrollments/designationcategory/ HTTP/1.1" 200 35601
INFO 2025-08-07 01:46:58,338 basehttp 73473 6141489152 "GET /acrpdevadmin/jsi18n/ HTTP/1.1" 200 3342
INFO 2025-08-07 01:47:06,503 basehttp 73473 6141489152 "GET /acrpdevadmin/enrollments/designationcategory/add/ HTTP/1.1" 200 33456
INFO 2025-08-07 01:47:07,098 basehttp 73473 13338013696 "GET /acrpdevadmin/jsi18n/ HTTP/1.1" 200 3342
INFO 2025-08-07 01:47:19,132 basehttp 73473 6141489152 "POST /acrpdevadmin/enrollments/designationcategory/add/ HTTP/1.1" 302 0
INFO 2025-08-07 01:47:20,507 basehttp 73473 13338013696 "GET /acrpdevadmin/enrollments/designationcategory/ HTTP/1.1" 200 36222
INFO 2025-08-07 01:47:21,086 basehttp 73473 6141489152 "GET /acrpdevadmin/jsi18n/ HTTP/1.1" 200 3342
INFO 2025-08-07 01:47:27,800 basehttp 73473 13338013696 "GET /enrollments/onboarding/category/75c970b6-2685-446a-8d66-9f8f9d74c6bc/ HTTP/1.1" 200 23339
INFO 2025-08-07 01:47:33,045 basehttp 73473 6141489152 "POST /enrollments/onboarding/category/75c970b6-2685-446a-8d66-9f8f9d74c6bc/ HTTP/1.1" 302 0
INFO 2025-08-07 01:47:35,383 basehttp 73473 13338013696 "GET /enrollments/application/create/75c970b6-2685-446a-8d66-9f8f9d74c6bc/ HTTP/1.1" 200 101503
INFO 2025-08-07 01:47:44,794 basehttp 73473 6141489152 "POST /enrollments/onboarding/council/75c970b6-2685-446a-8d66-9f8f9d74c6bc/ HTTP/1.1" 302 0
INFO 2025-08-07 01:47:45,576 basehttp 73473 13338013696 "GET /enrollments/onboarding/category/75c970b6-2685-446a-8d66-9f8f9d74c6bc/ HTTP/1.1" 200 23339
INFO 2025-08-07 01:47:51,028 basehttp 73473 6141489152 "POST /enrollments/onboarding/category/75c970b6-2685-446a-8d66-9f8f9d74c6bc/ HTTP/1.1" 302 0
INFO 2025-08-07 01:47:53,217 basehttp 73473 13338013696 "GET /enrollments/application/create/75c970b6-2685-446a-8d66-9f8f9d74c6bc/ HTTP/1.1" 200 101745
INFO 2025-08-07 01:48:00,060 basehttp 73473 6141489152 "POST /enrollments/onboarding/category/75c970b6-2685-446a-8d66-9f8f9d74c6bc/ HTTP/1.1" 302 0
INFO 2025-08-07 01:48:02,169 basehttp 73473 13338013696 "GET /enrollments/application/create/75c970b6-2685-446a-8d66-9f8f9d74c6bc/ HTTP/1.1" 200 101503
INFO 2025-08-07 01:48:06,230 basehttp 73473 6141489152 "GET /enrollments/onboarding/ HTTP/1.1" 200 22970
INFO 2025-08-07 01:48:13,827 basehttp 73473 13338013696 "POST /enrollments/onboarding/ HTTP/1.1" 302 0
INFO 2025-08-07 01:48:14,789 basehttp 73473 6141489152 "GET /enrollments/onboarding/council/15757b72-133b-463c-ab25-79ff9b706235/ HTTP/1.1" 200 33476
INFO 2025-08-07 01:48:19,134 basehttp 73473 13338013696 "POST /enrollments/onboarding/council/15757b72-133b-463c-ab25-79ff9b706235/ HTTP/1.1" 302 0
INFO 2025-08-07 01:48:19,905 basehttp 73473 6141489152 "GET /enrollments/onboarding/category/15757b72-133b-463c-ab25-79ff9b706235/ HTTP/1.1" 200 23339
INFO 2025-08-07 01:48:23,999 basehttp 73473 13338013696 "POST /enrollments/onboarding/category/15757b72-133b-463c-ab25-79ff9b706235/ HTTP/1.1" 302 0
INFO 2025-08-07 01:48:26,128 basehttp 73473 6141489152 "GET /enrollments/application/create/15757b72-133b-463c-ab25-79ff9b706235/ HTTP/1.1" 200 101485
INFO 2025-08-07 01:49:01,827 basehttp 73473 6141489152 "GET /acrpdevadmin/enrollments/designationsubcategory/ HTTP/1.1" 200 32418
INFO 2025-08-07 01:49:03,436 basehttp 73473 6124662784 "GET /acrpdevadmin/jsi18n/ HTTP/1.1" 200 3342
INFO 2025-08-07 01:49:16,662 basehttp 73473 6141489152 "POST /enrollments/onboarding/ HTTP/1.1" 302 0
INFO 2025-08-07 01:49:17,563 basehttp 73473 6124662784 "GET /enrollments/onboarding/council/599814a9-849e-4963-8f74-5127551450e0/ HTTP/1.1" 200 33469
INFO 2025-08-07 01:49:30,540 basehttp 73473 6141489152 "POST /enrollments/onboarding/council/599814a9-849e-4963-8f74-5127551450e0/ HTTP/1.1" 302 0
INFO 2025-08-07 01:49:32,598 basehttp 73473 6124662784 "GET /enrollments/application/create/599814a9-849e-4963-8f74-5127551450e0/ HTTP/1.1" 200 70683
INFO 2025-08-07 01:57:26,625 basehttp 73473 6124662784 "POST /enrollments/application/create/599814a9-849e-4963-8f74-5127551450e0/ HTTP/1.1" 200 71508
INFO 2025-08-07 02:04:29,072 basehttp 73473 6124662784 "POST /enrollments/application/create/599814a9-849e-4963-8f74-5127551450e0/ HTTP/1.1" 302 0
INFO 2025-08-07 02:04:29,981 basehttp 73473 6124662784 "GET /enrollments/application/success/ HTTP/1.1" 200 11650
INFO 2025-08-07 02:05:43,901 basehttp 73473 6141489152 "GET /auth/login/ HTTP/1.1" 200 7409
INFO 2025-08-07 02:05:51,222 basehttp 73473 6124662784 "GET /auth/login/?next=/ HTTP/1.1" 200 7409
INFO 2025-08-07 02:05:54,570 basehttp 73473 6141489152 "GET / HTTP/1.1" 200 51303
INFO 2025-08-07 02:06:05,678 basehttp 73473 6124662784 "GET /enrollments/application/create/75c970b6-2685-446a-8d66-9f8f9d74c6bc/ HTTP/1.1" 200 101503
INFO 2025-08-07 02:06:19,128 basehttp 73473 6141489152 "GET /enrollments/dashboard/ HTTP/1.1" 200 38777
INFO 2025-08-07 02:06:27,251 basehttp 73473 6141489152 "GET /enrollments/application/1/associated/ HTTP/1.1" 200 46011
INFO 2025-08-07 02:07:07,426 basehttp 73473 6124662784 "POST /enrollments/reference/1/approve/ HTTP/1.1" 302 0
INFO 2025-08-07 02:07:09,427 basehttp 73473 6124662784 "GET /enrollments/application/1/associated/ HTTP/1.1" 200 46154
INFO 2025-08-07 02:14:18,085 basehttp 73473 6124662784 "POST /enrollments/document/2/verify/ HTTP/1.1" 302 0
INFO 2025-08-07 02:14:20,108 basehttp 73473 6124662784 "GET /enrollments/application/1/associated/ HTTP/1.1" 200 45652
WARNING 2025-08-07 02:14:23,200 log 73473 6124662784 Not Found: /media/enrollments/docs/2025/08/unknown/associated/d689603378974af19e8a8454532e8256_hero.png
WARNING 2025-08-07 02:14:23,201 basehttp 73473 6124662784 "GET /media/enrollments/docs/2025/08/unknown/associated/d689603378974af19e8a8454532e8256_hero.png HTTP/1.1" 404 4430
WARNING 2025-08-07 02:14:23,318 log 73473 6124662784 Not Found: /static/favicon.ico
WARNING 2025-08-07 02:14:23,319 basehttp 73473 6124662784 "GET /static/favicon.ico HTTP/1.1" 404 4430
WARNING 2025-08-07 02:14:28,520 log 73473 6124662784 Not Found: /media/enrollments/docs/2025/08/unknown/associated/d689603378974af19e8a8454532e8256_hero.png
WARNING 2025-08-07 02:14:28,521 basehttp 73473 6124662784 "GET /media/enrollments/docs/2025/08/unknown/associated/d689603378974af19e8a8454532e8256_hero.png HTTP/1.1" 404 4430
WARNING 2025-08-07 02:15:36,494 log 73473 6124662784 Not Found: /media/enrollments/docs/2025/08/unknown/associated/a2bc8cb735fc44189206178151f03fec_Application_BAh87q1.pdf
WARNING 2025-08-07 02:15:36,495 basehttp 73473 6124662784 "GET /media/enrollments/docs/2025/08/unknown/associated/a2bc8cb735fc44189206178151f03fec_Application_BAh87q1.pdf HTTP/1.1" 404 4430
INFO 2025-08-07 02:15:56,441 basehttp 73473 6141489152 "POST /enrollments/reference/2/approve/ HTTP/1.1" 302 0
INFO 2025-08-07 02:15:59,326 basehttp 73473 6124662784 "GET /enrollments/application/1/associated/ HTTP/1.1" 200 45305
INFO 2025-08-07 02:16:09,830 basehttp 73473 6141489152 - Broken pipe from ('127.0.0.1', 60072)
INFO 2025-08-07 02:16:10,666 basehttp 73473 6124662784 "POST /enrollments/document/1/verify/ HTTP/1.1" 302 0
INFO 2025-08-07 02:16:12,471 basehttp 73473 6124662784 "GET /enrollments/application/1/associated/ HTTP/1.1" 200 44783
INFO 2025-08-07 02:19:21,622 basehttp 73473 6124662784 "POST /enrollments/application/1/associated/review/ HTTP/1.1" 302 0
INFO 2025-08-07 02:19:23,631 basehttp 73473 6124662784 "GET /enrollments/application/1/associated/ HTTP/1.1" 200 45697
INFO 2025-08-07 02:20:43,421 basehttp 73473 6124662784 "POST /enrollments/application/1/associated/review/ HTTP/1.1" 302 0
INFO 2025-08-07 02:20:45,245 basehttp 73473 6124662784 "GET /enrollments/application/1/associated/ HTTP/1.1" 200 46897
